[0.027s] Invoking command in '/home/tayya/Nav2_Dock_Robot/build/auto_dock': CMAKE_PREFIX_PATH=/opt/ros/humble /usr/bin/cmake --build /home/tayya/Nav2_Dock_Robot/build/auto_dock -- -j8 -l8
[0.103s] -- Found ament_cmake: 1.3.11 (/opt/ros/humble/share/ament_cmake/cmake)
[0.385s] -- Found rclcpp: 16.0.11 (/opt/ros/humble/share/rclcpp/cmake)
[0.445s] -- Found rosidl_generator_c: 3.1.6 (/opt/ros/humble/share/rosidl_generator_c/cmake)
[0.450s] -- Found rosidl_adapter: 3.1.6 (/opt/ros/humble/share/rosidl_adapter/cmake)
[0.462s] -- Found rosidl_generator_cpp: 3.1.6 (/opt/ros/humble/share/rosidl_generator_cpp/cmake)
[0.482s] -- Using all available rosidl_typesupport_c: rosidl_typesupport_fastrtps_c;rosidl_typesupport_introspection_c
[0.508s] -- Using all available rosidl_typesupport_cpp: rosidl_typesupport_fastrtps_cpp;rosidl_typesupport_introspection_cpp
[0.576s] -- Found rmw_implementation_cmake: 6.1.2 (/opt/ros/humble/share/rmw_implementation_cmake/cmake)
[0.579s] -- Found rmw_fastrtps_cpp: 6.2.7 (/opt/ros/humble/share/rmw_fastrtps_cpp/cmake)
[0.792s] -- Using RMW implementation 'rmw_fastrtps_cpp' as default
[0.910s] -- Found sensor_msgs: 4.2.4 (/opt/ros/humble/share/sensor_msgs/cmake)
[0.982s] -- Found nav2_msgs: 1.1.17 (/opt/ros/humble/share/nav2_msgs/cmake)
[1.125s] -- Found nav2_bt_navigator: 1.1.17 (/opt/ros/humble/share/nav2_bt_navigator/cmake)
[1.358s] -- Found eigen3_cmake_module: 0.1.1 (/opt/ros/humble/share/eigen3_cmake_module/cmake)
[1.362s] -- Ensuring Eigen3 include directory is part of orocos-kdl CMake target
[1.737s] [31mCMake Error at CMakeLists.txt:27 (install):
[1.738s]   install TARGETS given target "dock_test" which does not exist.
[1.738s] 
[1.738s] [0m
[1.881s] -- Configuring incomplete, errors occurred!
[1.881s] See also "/home/tayya/Nav2_Dock_Robot/build/auto_dock/CMakeFiles/CMakeOutput.log".
[1.900s] gmake: *** [Makefile:226: cmake_check_build_system] Error 1
[1.905s] Invoked command in '/home/tayya/Nav2_Dock_Robot/build/auto_dock' returned '2': CMAKE_PREFIX_PATH=/opt/ros/humble /usr/bin/cmake --build /home/tayya/Nav2_Dock_Robot/build/auto_dock -- -j8 -l8
