[0.010s] Invoking command in '/home/tayya/Nav2_Dock_Robot/build/auto_dock': CMAKE_PREFIX_PATH=${CMAKE_PREFIX_PATH}:/opt/ros/humble /usr/bin/cmake --build /home/tayya/Nav2_Dock_Robot/build/auto_dock -- -j8 -l8
[0.030s] -- Found ament_cmake: 1.3.11 (/opt/ros/humble/share/ament_cmake/cmake)
[0.148s] -- Found rclcpp: 16.0.11 (/opt/ros/humble/share/rclcpp/cmake)
[0.176s] -- Found rosidl_generator_c: 3.1.6 (/opt/ros/humble/share/rosidl_generator_c/cmake)
[0.179s] -- Found rosidl_adapter: 3.1.6 (/opt/ros/humble/share/rosidl_adapter/cmake)
[0.184s] -- Found rosidl_generator_cpp: 3.1.6 (/opt/ros/humble/share/rosidl_generator_cpp/cmake)
[0.192s] -- Using all available rosidl_typesupport_c: rosidl_typesupport_fastrtps_c;rosidl_typesupport_introspection_c
[0.203s] -- Using all available rosidl_typesupport_cpp: rosidl_typesupport_fastrtps_cpp;rosidl_typesupport_introspection_cpp
[0.233s] -- Found rmw_implementation_cmake: 6.1.2 (/opt/ros/humble/share/rmw_implementation_cmake/cmake)
[0.234s] -- Found rmw_cyclonedds_cpp: 1.3.4 (/opt/ros/humble/share/rmw_cyclonedds_cpp/cmake)
[0.253s] -- Using RMW implementation 'rmw_cyclonedds_cpp' as default
[0.295s] -- Found sensor_msgs: 4.2.4 (/opt/ros/humble/share/sensor_msgs/cmake)
[0.322s] -- Found nav2_msgs: 1.1.17 (/opt/ros/humble/share/nav2_msgs/cmake)
[0.379s] -- Found nav2_bt_navigator: 1.1.17 (/opt/ros/humble/share/nav2_bt_navigator/cmake)
[0.462s] -- Found eigen3_cmake_module: 0.1.1 (/opt/ros/humble/share/eigen3_cmake_module/cmake)
[0.463s] -- Ensuring Eigen3 include directory is part of orocos-kdl CMake target
[0.731s] -- Configuring done
[0.778s] -- Generating done
[0.784s] -- Build files have been written to: /home/tayya/Nav2_Dock_Robot/build/auto_dock
[0.806s] [35m[1mConsolidate compiler generated dependencies of target dock_test[0m
[0.817s] [ 50%] [32mBuilding CXX object CMakeFiles/dock_test.dir/src/dock_test.cpp.o[0m
[0.864s] [100%] [32m[1mLinking CXX executable dock_test[0m
[16.223s] [100%] Built target dock_test
[16.232s] Invoked command in '/home/tayya/Nav2_Dock_Robot/build/auto_dock' returned '0': CMAKE_PREFIX_PATH=${CMAKE_PREFIX_PATH}:/opt/ros/humble /usr/bin/cmake --build /home/tayya/Nav2_Dock_Robot/build/auto_dock -- -j8 -l8
[16.241s] Invoking command in '/home/tayya/Nav2_Dock_Robot/build/auto_dock': CMAKE_PREFIX_PATH=${CMAKE_PREFIX_PATH}:/opt/ros/humble /usr/bin/cmake --install /home/tayya/Nav2_Dock_Robot/build/auto_dock
[16.247s] -- Install configuration: ""
[16.247s] -- Up-to-date: /home/tayya/Nav2_Dock_Robot/install/auto_dock/share/auto_dock//launch
[16.247s] -- Up-to-date: /home/tayya/Nav2_Dock_Robot/install/auto_dock/share/auto_dock//launch/tb3.launch.py
[16.247s] -- Up-to-date: /home/tayya/Nav2_Dock_Robot/install/auto_dock/share/auto_dock//launch/dock_test.launch.py
[16.247s] -- Up-to-date: /home/tayya/Nav2_Dock_Robot/install/auto_dock/share/auto_dock//params
[16.247s] -- Up-to-date: /home/tayya/Nav2_Dock_Robot/install/auto_dock/share/auto_dock//params/dock_server.yaml
[16.247s] -- Installing: /home/tayya/Nav2_Dock_Robot/install/auto_dock/share/auto_dock//params/dock_database.yaml
[16.248s] -- Up-to-date: /home/tayya/Nav2_Dock_Robot/install/auto_dock/share/auto_dock//map
[16.248s] -- Up-to-date: /home/tayya/Nav2_Dock_Robot/install/auto_dock/share/auto_dock//map/my_map.pgm
[16.248s] -- Up-to-date: /home/tayya/Nav2_Dock_Robot/install/auto_dock/share/auto_dock//map/my_map.yaml
[16.248s] -- Up-to-date: /home/tayya/Nav2_Dock_Robot/install/auto_dock/lib/auto_dock/demo.py
[16.248s] -- Installing: /home/tayya/Nav2_Dock_Robot/install/auto_dock/lib/auto_dock/test.py
[16.248s] -- Installing: /home/tayya/Nav2_Dock_Robot/install/auto_dock/lib/auto_dock/dock_test
[16.248s] -- Set runtime path of "/home/tayya/Nav2_Dock_Robot/install/auto_dock/lib/auto_dock/dock_test" to ""
[16.248s] -- Up-to-date: /home/tayya/Nav2_Dock_Robot/install/auto_dock/share/ament_index/resource_index/package_run_dependencies/auto_dock
[16.249s] -- Up-to-date: /home/tayya/Nav2_Dock_Robot/install/auto_dock/share/ament_index/resource_index/parent_prefix_path/auto_dock
[16.249s] -- Up-to-date: /home/tayya/Nav2_Dock_Robot/install/auto_dock/share/auto_dock/environment/ament_prefix_path.sh
[16.249s] -- Installing: /home/tayya/Nav2_Dock_Robot/install/auto_dock/share/auto_dock/environment/ament_prefix_path.dsv
[16.249s] -- Up-to-date: /home/tayya/Nav2_Dock_Robot/install/auto_dock/share/auto_dock/environment/path.sh
[16.249s] -- Installing: /home/tayya/Nav2_Dock_Robot/install/auto_dock/share/auto_dock/environment/path.dsv
[16.249s] -- Up-to-date: /home/tayya/Nav2_Dock_Robot/install/auto_dock/share/auto_dock/local_setup.bash
[16.249s] -- Up-to-date: /home/tayya/Nav2_Dock_Robot/install/auto_dock/share/auto_dock/local_setup.sh
[16.249s] -- Up-to-date: /home/tayya/Nav2_Dock_Robot/install/auto_dock/share/auto_dock/local_setup.zsh
[16.249s] -- Installing: /home/tayya/Nav2_Dock_Robot/install/auto_dock/share/auto_dock/local_setup.dsv
[16.249s] -- Installing: /home/tayya/Nav2_Dock_Robot/install/auto_dock/share/auto_dock/package.dsv
[16.250s] -- Up-to-date: /home/tayya/Nav2_Dock_Robot/install/auto_dock/share/ament_index/resource_index/packages/auto_dock
[16.250s] -- Up-to-date: /home/tayya/Nav2_Dock_Robot/install/auto_dock/share/auto_dock/cmake/auto_dockConfig.cmake
[16.250s] -- Up-to-date: /home/tayya/Nav2_Dock_Robot/install/auto_dock/share/auto_dock/cmake/auto_dockConfig-version.cmake
[16.250s] -- Up-to-date: /home/tayya/Nav2_Dock_Robot/install/auto_dock/share/auto_dock/package.xml
[16.252s] Invoked command in '/home/tayya/Nav2_Dock_Robot/build/auto_dock' returned '0': CMAKE_PREFIX_PATH=${CMAKE_PREFIX_PATH}:/opt/ros/humble /usr/bin/cmake --install /home/tayya/Nav2_Dock_Robot/build/auto_dock
