[0.040s] Invoking command in '/home/tayya/Nav2_Dock_Robot/build/auto_dock': CMAKE_PREFIX_PATH=${CMAKE_PREFIX_PATH}:/opt/ros/humble /usr/bin/cmake --build /home/tayya/Nav2_Dock_Robot/build/auto_dock -- -j8 -l8
[0.187s] [100%] Built target dock_test
[0.219s] Invoked command in '/home/tayya/Nav2_Dock_Robot/build/auto_dock' returned '0': CMAKE_PREFIX_PATH=${CMAKE_PREFIX_PATH}:/opt/ros/humble /usr/bin/cmake --build /home/tayya/Nav2_Dock_Robot/build/auto_dock -- -j8 -l8
[0.247s] Invoking command in '/home/tayya/Nav2_Dock_Robot/build/auto_dock': CMAKE_PREFIX_PATH=${CMAKE_PREFIX_PATH}:/opt/ros/humble /usr/bin/cmake --install /home/tayya/Nav2_Dock_Robot/build/auto_dock
[0.273s] -- Install configuration: ""
[0.273s] -- Up-to-date: /home/tayya/Nav2_Dock_Robot/install/auto_dock/share/auto_dock//launch
[0.276s] -- Up-to-date: /home/tayya/Nav2_Dock_Robot/install/auto_dock/share/auto_dock//launch/tb3.launch.py
[0.277s] -- Up-to-date: /home/tayya/Nav2_Dock_Robot/install/auto_dock/share/auto_dock//launch/dock_test.launch.py
[0.277s] -- Up-to-date: /home/tayya/Nav2_Dock_Robot/install/auto_dock/share/auto_dock//params
[0.278s] -- Up-to-date: /home/tayya/Nav2_Dock_Robot/install/auto_dock/share/auto_dock//params/dock_server.yaml
[0.278s] -- Up-to-date: /home/tayya/Nav2_Dock_Robot/install/auto_dock/share/auto_dock//params/dock_database.yaml
[0.278s] -- Installing: /home/tayya/Nav2_Dock_Robot/install/auto_dock/lib/auto_dock/demo.py
[0.278s] -- Up-to-date: /home/tayya/Nav2_Dock_Robot/install/auto_dock/lib/auto_dock/dock_test
[0.279s] -- Up-to-date: /home/tayya/Nav2_Dock_Robot/install/auto_dock/share/ament_index/resource_index/package_run_dependencies/auto_dock
[0.279s] -- Up-to-date: /home/tayya/Nav2_Dock_Robot/install/auto_dock/share/ament_index/resource_index/parent_prefix_path/auto_dock
[0.279s] -- Up-to-date: /home/tayya/Nav2_Dock_Robot/install/auto_dock/share/auto_dock/environment/ament_prefix_path.sh
[0.280s] -- Up-to-date: /home/tayya/Nav2_Dock_Robot/install/auto_dock/share/auto_dock/environment/ament_prefix_path.dsv
[0.280s] -- Up-to-date: /home/tayya/Nav2_Dock_Robot/install/auto_dock/share/auto_dock/environment/path.sh
[0.280s] -- Up-to-date: /home/tayya/Nav2_Dock_Robot/install/auto_dock/share/auto_dock/environment/path.dsv
[0.281s] -- Up-to-date: /home/tayya/Nav2_Dock_Robot/install/auto_dock/share/auto_dock/local_setup.bash
[0.281s] -- Up-to-date: /home/tayya/Nav2_Dock_Robot/install/auto_dock/share/auto_dock/local_setup.sh
[0.281s] -- Up-to-date: /home/tayya/Nav2_Dock_Robot/install/auto_dock/share/auto_dock/local_setup.zsh
[0.281s] -- Up-to-date: /home/tayya/Nav2_Dock_Robot/install/auto_dock/share/auto_dock/local_setup.dsv
[0.281s] -- Installing: /home/tayya/Nav2_Dock_Robot/install/auto_dock/share/auto_dock/package.dsv
[0.281s] -- Up-to-date: /home/tayya/Nav2_Dock_Robot/install/auto_dock/share/ament_index/resource_index/packages/auto_dock
[0.282s] -- Up-to-date: /home/tayya/Nav2_Dock_Robot/install/auto_dock/share/auto_dock/cmake/auto_dockConfig.cmake
[0.282s] -- Up-to-date: /home/tayya/Nav2_Dock_Robot/install/auto_dock/share/auto_dock/cmake/auto_dockConfig-version.cmake
[0.283s] -- Up-to-date: /home/tayya/Nav2_Dock_Robot/install/auto_dock/share/auto_dock/package.xml
[0.286s] Invoked command in '/home/tayya/Nav2_Dock_Robot/build/auto_dock' returned '0': CMAKE_PREFIX_PATH=${CMAKE_PREFIX_PATH}:/opt/ros/humble /usr/bin/cmake --install /home/tayya/Nav2_Dock_Robot/build/auto_dock
