-- Found ament_cmake: 1.3.11 (/opt/ros/humble/share/ament_cmake/cmake)
-- Found rclcpp: 16.0.11 (/opt/ros/humble/share/rclcpp/cmake)
-- Found rosidl_generator_c: 3.1.6 (/opt/ros/humble/share/rosidl_generator_c/cmake)
-- Found rosidl_adapter: 3.1.6 (/opt/ros/humble/share/rosidl_adapter/cmake)
-- Found rosidl_generator_cpp: 3.1.6 (/opt/ros/humble/share/rosidl_generator_cpp/cmake)
-- Using all available rosidl_typesupport_c: rosidl_typesupport_fastrtps_c;rosidl_typesupport_introspection_c
-- Using all available rosidl_typesupport_cpp: rosidl_typesupport_fastrtps_cpp;rosidl_typesupport_introspection_cpp
-- Found rmw_implementation_cmake: 6.1.2 (/opt/ros/humble/share/rmw_implementation_cmake/cmake)
-- Found rmw_cyclonedds_cpp: 1.3.4 (/opt/ros/humble/share/rmw_cyclonedds_cpp/cmake)
-- Using RMW implementation 'rmw_cyclonedds_cpp' as default
-- Found sensor_msgs: 4.2.4 (/opt/ros/humble/share/sensor_msgs/cmake)
-- Found nav2_msgs: 1.1.17 (/opt/ros/humble/share/nav2_msgs/cmake)
-- Found nav2_bt_navigator: 1.1.17 (/opt/ros/humble/share/nav2_bt_navigator/cmake)
-- Found eigen3_cmake_module: 0.1.1 (/opt/ros/humble/share/eigen3_cmake_module/cmake)
-- Ensuring Eigen3 include directory is part of orocos-kdl CMake target
-- Configuring done
-- Generating done
-- Build files have been written to: /home/tayya/Nav2_Dock_Robot/build/auto_dock
[35m[1mConsolidate compiler generated dependencies of target dock_test[0m
[100%] Built target dock_test
-- Install configuration: ""
-- Up-to-date: /home/tayya/Nav2_Dock_Robot/install/auto_dock/share/auto_dock//launch
-- Up-to-date: /home/tayya/Nav2_Dock_Robot/install/auto_dock/share/auto_dock//launch/tb3.launch.py
-- Up-to-date: /home/tayya/Nav2_Dock_Robot/install/auto_dock/share/auto_dock//launch/dock_test.launch.py
-- Up-to-date: /home/tayya/Nav2_Dock_Robot/install/auto_dock/share/auto_dock//params
-- Up-to-date: /home/tayya/Nav2_Dock_Robot/install/auto_dock/share/auto_dock//params/dock_server.yaml
-- Up-to-date: /home/tayya/Nav2_Dock_Robot/install/auto_dock/share/auto_dock//params/dock_database.yaml
