[0.438s] DEBUG:colcon:Command line arguments: ['/usr/bin/colcon', 'build']
[0.440s] DEBUG:colcon:Parsed command line arguments: Namespace(log_base=None, log_level=None, verb_name='build', build_base='build', install_base='install', merge_install=False, symlink_install=False, test_result_base=None, continue_on_error=False, executor='parallel', parallel_workers=8, event_handlers=None, ignore_user_meta=False, metas=['./colcon.meta'], base_paths=['.'], packages_ignore=None, packages_ignore_regex=None, paths=None, packages_up_to=None, packages_up_to_regex=None, packages_above=None, packages_above_and_dependencies=None, packages_above_depth=None, packages_select_by_dep=None, packages_skip_by_dep=None, packages_skip_up_to=None, packages_select_build_failed=False, packages_skip_build_finished=False, packages_select_test_failures=False, packages_skip_test_passed=False, packages_select=None, packages_skip=None, packages_select_regex=None, packages_skip_regex=None, packages_start=None, packages_end=None, allow_overriding=[], cmake_args=None, cmake_target=None, cmake_target_skip_unavailable=False, cmake_clean_cache=False, cmake_clean_first=False, cmake_force_configure=False, ament_cmake_args=None, catkin_cmake_args=None, catkin_skip_building_tests=False, mixin_files=None, mixin=None, verb_parser=<colcon_mixin.mixin.mixin_argument.MixinArgumentDecorator object at 0x725b0e13ebf0>, verb_extension=<colcon_core.verb.build.BuildVerb object at 0x725b0e13e6b0>, main=<bound method BuildVerb.main of <colcon_core.verb.build.BuildVerb object at 0x725b0e13e6b0>>, mixin_verb=('build',))
[1.370s] Level 1:colcon.colcon_core.package_discovery:discover_packages(colcon_meta) check parameters
[1.371s] Level 1:colcon.colcon_core.package_discovery:discover_packages(recursive) check parameters
[1.371s] Level 1:colcon.colcon_core.package_discovery:discover_packages(ignore) check parameters
[1.371s] Level 1:colcon.colcon_core.package_discovery:discover_packages(path) check parameters
[1.371s] Level 1:colcon.colcon_core.package_discovery:discover_packages(colcon_meta) discover
[1.372s] Level 1:colcon.colcon_core.package_discovery:discover_packages(recursive) discover
[1.372s] INFO:colcon.colcon_core.package_discovery:Crawling recursively for packages in '/home/tayya/Nav2_Dock_Robot'
[1.372s] Level 1:colcon.colcon_core.package_identification:_identify(.) by extensions ['ignore', 'ignore_ament_install']
[1.373s] Level 1:colcon.colcon_core.package_identification:_identify(.) by extension 'ignore'
[1.373s] Level 1:colcon.colcon_core.package_identification:_identify(.) by extension 'ignore_ament_install'
[1.374s] Level 1:colcon.colcon_core.package_identification:_identify(.) by extensions ['colcon_pkg']
[1.374s] Level 1:colcon.colcon_core.package_identification:_identify(.) by extension 'colcon_pkg'
[1.374s] Level 1:colcon.colcon_core.package_identification:_identify(.) by extensions ['colcon_meta']
[1.374s] Level 1:colcon.colcon_core.package_identification:_identify(.) by extension 'colcon_meta'
[1.375s] Level 1:colcon.colcon_core.package_identification:_identify(.) by extensions ['ros']
[1.375s] Level 1:colcon.colcon_core.package_identification:_identify(.) by extension 'ros'
[1.436s] Level 1:colcon.colcon_core.package_identification:_identify(.) by extensions ['cmake', 'python']
[1.437s] Level 1:colcon.colcon_core.package_identification:_identify(.) by extension 'cmake'
[1.437s] Level 1:colcon.colcon_core.package_identification:_identify(.) by extension 'python'
[1.437s] Level 1:colcon.colcon_core.package_identification:_identify(.) by extensions ['python_setup_py']
[1.437s] Level 1:colcon.colcon_core.package_identification:_identify(.) by extension 'python_setup_py'
[1.438s] Level 1:colcon.colcon_core.package_identification:_identify(build) by extensions ['ignore', 'ignore_ament_install']
[1.438s] Level 1:colcon.colcon_core.package_identification:_identify(build) by extension 'ignore'
[1.438s] Level 1:colcon.colcon_core.package_identification:_identify(build) ignored
[1.439s] Level 1:colcon.colcon_core.package_identification:_identify(install) by extensions ['ignore', 'ignore_ament_install']
[1.440s] Level 1:colcon.colcon_core.package_identification:_identify(install) by extension 'ignore'
[1.440s] Level 1:colcon.colcon_core.package_identification:_identify(install) ignored
[1.441s] Level 1:colcon.colcon_core.package_identification:_identify(log) by extensions ['ignore', 'ignore_ament_install']
[1.441s] Level 1:colcon.colcon_core.package_identification:_identify(log) by extension 'ignore'
[1.441s] Level 1:colcon.colcon_core.package_identification:_identify(log) ignored
[1.442s] Level 1:colcon.colcon_core.package_identification:_identify(src) by extensions ['ignore', 'ignore_ament_install']
[1.442s] Level 1:colcon.colcon_core.package_identification:_identify(src) by extension 'ignore'
[1.442s] Level 1:colcon.colcon_core.package_identification:_identify(src) by extension 'ignore_ament_install'
[1.442s] Level 1:colcon.colcon_core.package_identification:_identify(src) by extensions ['colcon_pkg']
[1.443s] Level 1:colcon.colcon_core.package_identification:_identify(src) by extension 'colcon_pkg'
[1.443s] Level 1:colcon.colcon_core.package_identification:_identify(src) by extensions ['colcon_meta']
[1.443s] Level 1:colcon.colcon_core.package_identification:_identify(src) by extension 'colcon_meta'
[1.443s] Level 1:colcon.colcon_core.package_identification:_identify(src) by extensions ['ros']
[1.443s] Level 1:colcon.colcon_core.package_identification:_identify(src) by extension 'ros'
[1.444s] Level 1:colcon.colcon_core.package_identification:_identify(src) by extensions ['cmake', 'python']
[1.444s] Level 1:colcon.colcon_core.package_identification:_identify(src) by extension 'cmake'
[1.444s] Level 1:colcon.colcon_core.package_identification:_identify(src) by extension 'python'
[1.444s] Level 1:colcon.colcon_core.package_identification:_identify(src) by extensions ['python_setup_py']
[1.444s] Level 1:colcon.colcon_core.package_identification:_identify(src) by extension 'python_setup_py'
[1.445s] Level 1:colcon.colcon_core.package_identification:_identify(src/auto_dock) by extensions ['ignore', 'ignore_ament_install']
[1.445s] Level 1:colcon.colcon_core.package_identification:_identify(src/auto_dock) by extension 'ignore'
[1.446s] Level 1:colcon.colcon_core.package_identification:_identify(src/auto_dock) by extension 'ignore_ament_install'
[1.446s] Level 1:colcon.colcon_core.package_identification:_identify(src/auto_dock) by extensions ['colcon_pkg']
[1.446s] Level 1:colcon.colcon_core.package_identification:_identify(src/auto_dock) by extension 'colcon_pkg'
[1.446s] Level 1:colcon.colcon_core.package_identification:_identify(src/auto_dock) by extensions ['colcon_meta']
[1.446s] Level 1:colcon.colcon_core.package_identification:_identify(src/auto_dock) by extension 'colcon_meta'
[1.447s] Level 1:colcon.colcon_core.package_identification:_identify(src/auto_dock) by extensions ['ros']
[1.447s] Level 1:colcon.colcon_core.package_identification:_identify(src/auto_dock) by extension 'ros'
[1.463s] DEBUG:colcon.colcon_core.package_identification:Package 'src/auto_dock' with type 'ros.ament_cmake' and name 'auto_dock'
[1.464s] Level 1:colcon.colcon_core.package_discovery:discover_packages(recursive) using defaults
[1.465s] Level 1:colcon.colcon_core.package_discovery:discover_packages(ignore) discover
[1.465s] Level 1:colcon.colcon_core.package_discovery:discover_packages(ignore) using defaults
[1.466s] Level 1:colcon.colcon_core.package_discovery:discover_packages(path) discover
[1.466s] Level 1:colcon.colcon_core.package_discovery:discover_packages(path) using defaults
[1.588s] Level 1:colcon.colcon_core.package_discovery:discover_packages(prefix_path) check parameters
[1.588s] Level 1:colcon.colcon_core.package_discovery:discover_packages(prefix_path) discover
[1.598s] DEBUG:colcon.colcon_installed_package_information.package_discovery:Found 1 installed packages in /home/tayya/Nav2_Dock_Robot/install
[1.607s] DEBUG:colcon.colcon_installed_package_information.package_discovery:Found 391 installed packages in /opt/ros/humble
[1.618s] Level 1:colcon.colcon_core.package_discovery:discover_packages(prefix_path) using defaults
[1.838s] Level 5:colcon.colcon_core.verb:set package 'auto_dock' build argument 'cmake_args' from command line to 'None'
[1.838s] Level 5:colcon.colcon_core.verb:set package 'auto_dock' build argument 'cmake_target' from command line to 'None'
[1.838s] Level 5:colcon.colcon_core.verb:set package 'auto_dock' build argument 'cmake_target_skip_unavailable' from command line to 'False'
[1.839s] Level 5:colcon.colcon_core.verb:set package 'auto_dock' build argument 'cmake_clean_cache' from command line to 'False'
[1.839s] Level 5:colcon.colcon_core.verb:set package 'auto_dock' build argument 'cmake_clean_first' from command line to 'False'
[1.839s] Level 5:colcon.colcon_core.verb:set package 'auto_dock' build argument 'cmake_force_configure' from command line to 'False'
[1.839s] Level 5:colcon.colcon_core.verb:set package 'auto_dock' build argument 'ament_cmake_args' from command line to 'None'
[1.839s] Level 5:colcon.colcon_core.verb:set package 'auto_dock' build argument 'catkin_cmake_args' from command line to 'None'
[1.839s] Level 5:colcon.colcon_core.verb:set package 'auto_dock' build argument 'catkin_skip_building_tests' from command line to 'False'
[1.839s] DEBUG:colcon.colcon_core.verb:Building package 'auto_dock' with the following arguments: {'ament_cmake_args': None, 'build_base': '/home/tayya/Nav2_Dock_Robot/build/auto_dock', 'catkin_cmake_args': None, 'catkin_skip_building_tests': False, 'cmake_args': None, 'cmake_clean_cache': False, 'cmake_clean_first': False, 'cmake_force_configure': False, 'cmake_target': None, 'cmake_target_skip_unavailable': False, 'install_base': '/home/tayya/Nav2_Dock_Robot/install/auto_dock', 'merge_install': False, 'path': '/home/tayya/Nav2_Dock_Robot/src/auto_dock', 'symlink_install': False, 'test_result_base': None}
[1.840s] INFO:colcon.colcon_core.executor:Executing jobs using 'parallel' executor
[1.843s] DEBUG:colcon.colcon_parallel_executor.executor.parallel:run_until_complete
[1.845s] INFO:colcon.colcon_ros.task.ament_cmake.build:Building ROS package in '/home/tayya/Nav2_Dock_Robot/src/auto_dock' with build type 'ament_cmake'
[1.846s] INFO:colcon.colcon_cmake.task.cmake.build:Building CMake package in '/home/tayya/Nav2_Dock_Robot/src/auto_dock'
[1.857s] INFO:colcon.colcon_core.plugin_system:Skipping extension 'colcon_core.shell.bat': Not used on non-Windows systems
[1.857s] INFO:colcon.colcon_core.shell:Skip shell extension 'powershell' for command environment: Not usable outside of PowerShell
[1.858s] DEBUG:colcon.colcon_core.shell:Skip shell extension 'dsv' for command environment
[1.906s] DEBUG:colcon.colcon_core.event_handler.log_command:Invoking command in '/home/tayya/Nav2_Dock_Robot/build/auto_dock': CMAKE_PREFIX_PATH=${CMAKE_PREFIX_PATH}:/opt/ros/humble /usr/bin/cmake --build /home/tayya/Nav2_Dock_Robot/build/auto_dock -- -j8 -l8
[2.125s] DEBUG:colcon.colcon_core.event_handler.log_command:Invoked command in '/home/tayya/Nav2_Dock_Robot/build/auto_dock' returned '0': CMAKE_PREFIX_PATH=${CMAKE_PREFIX_PATH}:/opt/ros/humble /usr/bin/cmake --build /home/tayya/Nav2_Dock_Robot/build/auto_dock -- -j8 -l8
[2.159s] DEBUG:colcon.colcon_core.event_handler.log_command:Invoking command in '/home/tayya/Nav2_Dock_Robot/build/auto_dock': CMAKE_PREFIX_PATH=${CMAKE_PREFIX_PATH}:/opt/ros/humble /usr/bin/cmake --install /home/tayya/Nav2_Dock_Robot/build/auto_dock
[2.205s] Level 1:colcon.colcon_core.environment:create_environment_scripts_only(auto_dock)
[2.207s] DEBUG:colcon.colcon_core.event_handler.log_command:Invoked command in '/home/tayya/Nav2_Dock_Robot/build/auto_dock' returned '0': CMAKE_PREFIX_PATH=${CMAKE_PREFIX_PATH}:/opt/ros/humble /usr/bin/cmake --install /home/tayya/Nav2_Dock_Robot/build/auto_dock
[2.215s] Level 1:colcon.colcon_core.environment:checking '/home/tayya/Nav2_Dock_Robot/install/auto_dock' for CMake module files
[2.219s] Level 1:colcon.colcon_core.environment:checking '/home/tayya/Nav2_Dock_Robot/install/auto_dock' for CMake config files
[2.220s] Level 1:colcon.colcon_core.shell:create_environment_hook('auto_dock', 'cmake_prefix_path')
[2.221s] INFO:colcon.colcon_core.shell:Creating environment hook '/home/tayya/Nav2_Dock_Robot/install/auto_dock/share/auto_dock/hook/cmake_prefix_path.ps1'
[2.223s] INFO:colcon.colcon_core.shell:Creating environment descriptor '/home/tayya/Nav2_Dock_Robot/install/auto_dock/share/auto_dock/hook/cmake_prefix_path.dsv'
[2.225s] INFO:colcon.colcon_core.shell:Creating environment hook '/home/tayya/Nav2_Dock_Robot/install/auto_dock/share/auto_dock/hook/cmake_prefix_path.sh'
[2.229s] Level 1:colcon.colcon_core.environment:checking '/home/tayya/Nav2_Dock_Robot/install/auto_dock/lib'
[2.230s] Level 1:colcon.colcon_core.environment:checking '/home/tayya/Nav2_Dock_Robot/install/auto_dock/bin'
[2.230s] Level 1:colcon.colcon_core.environment:checking '/home/tayya/Nav2_Dock_Robot/install/auto_dock/lib/pkgconfig/auto_dock.pc'
[2.231s] Level 1:colcon.colcon_core.environment:checking '/home/tayya/Nav2_Dock_Robot/install/auto_dock/lib/python3.10/site-packages'
[2.232s] Level 1:colcon.colcon_core.environment:checking '/home/tayya/Nav2_Dock_Robot/install/auto_dock/bin'
[2.234s] INFO:colcon.colcon_core.shell:Creating package script '/home/tayya/Nav2_Dock_Robot/install/auto_dock/share/auto_dock/package.ps1'
[2.238s] INFO:colcon.colcon_core.shell:Creating package descriptor '/home/tayya/Nav2_Dock_Robot/install/auto_dock/share/auto_dock/package.dsv'
[2.240s] INFO:colcon.colcon_core.shell:Creating package script '/home/tayya/Nav2_Dock_Robot/install/auto_dock/share/auto_dock/package.sh'
[2.244s] INFO:colcon.colcon_core.shell:Creating package script '/home/tayya/Nav2_Dock_Robot/install/auto_dock/share/auto_dock/package.bash'
[2.250s] INFO:colcon.colcon_core.shell:Creating package script '/home/tayya/Nav2_Dock_Robot/install/auto_dock/share/auto_dock/package.zsh'
[2.253s] Level 1:colcon.colcon_core.environment:create_file_with_runtime_dependencies(/home/tayya/Nav2_Dock_Robot/install/auto_dock/share/colcon-core/packages/auto_dock)
[2.254s] Level 1:colcon.colcon_core.environment:create_environment_scripts_only(auto_dock)
[2.255s] Level 1:colcon.colcon_core.environment:checking '/home/tayya/Nav2_Dock_Robot/install/auto_dock' for CMake module files
[2.257s] Level 1:colcon.colcon_core.environment:checking '/home/tayya/Nav2_Dock_Robot/install/auto_dock' for CMake config files
[2.258s] Level 1:colcon.colcon_core.shell:create_environment_hook('auto_dock', 'cmake_prefix_path')
[2.259s] INFO:colcon.colcon_core.shell:Creating environment hook '/home/tayya/Nav2_Dock_Robot/install/auto_dock/share/auto_dock/hook/cmake_prefix_path.ps1'
[2.261s] INFO:colcon.colcon_core.shell:Creating environment descriptor '/home/tayya/Nav2_Dock_Robot/install/auto_dock/share/auto_dock/hook/cmake_prefix_path.dsv'
[2.263s] INFO:colcon.colcon_core.shell:Creating environment hook '/home/tayya/Nav2_Dock_Robot/install/auto_dock/share/auto_dock/hook/cmake_prefix_path.sh'
[2.266s] Level 1:colcon.colcon_core.environment:checking '/home/tayya/Nav2_Dock_Robot/install/auto_dock/lib'
[2.266s] Level 1:colcon.colcon_core.environment:checking '/home/tayya/Nav2_Dock_Robot/install/auto_dock/bin'
[2.267s] Level 1:colcon.colcon_core.environment:checking '/home/tayya/Nav2_Dock_Robot/install/auto_dock/lib/pkgconfig/auto_dock.pc'
[2.268s] Level 1:colcon.colcon_core.environment:checking '/home/tayya/Nav2_Dock_Robot/install/auto_dock/lib/python3.10/site-packages'
[2.269s] Level 1:colcon.colcon_core.environment:checking '/home/tayya/Nav2_Dock_Robot/install/auto_dock/bin'
[2.270s] INFO:colcon.colcon_core.shell:Creating package script '/home/tayya/Nav2_Dock_Robot/install/auto_dock/share/auto_dock/package.ps1'
[2.273s] INFO:colcon.colcon_core.shell:Creating package descriptor '/home/tayya/Nav2_Dock_Robot/install/auto_dock/share/auto_dock/package.dsv'
[2.275s] INFO:colcon.colcon_core.shell:Creating package script '/home/tayya/Nav2_Dock_Robot/install/auto_dock/share/auto_dock/package.sh'
[2.277s] INFO:colcon.colcon_core.shell:Creating package script '/home/tayya/Nav2_Dock_Robot/install/auto_dock/share/auto_dock/package.bash'
[2.279s] INFO:colcon.colcon_core.shell:Creating package script '/home/tayya/Nav2_Dock_Robot/install/auto_dock/share/auto_dock/package.zsh'
[2.284s] Level 1:colcon.colcon_core.environment:create_file_with_runtime_dependencies(/home/tayya/Nav2_Dock_Robot/install/auto_dock/share/colcon-core/packages/auto_dock)
[2.285s] DEBUG:colcon.colcon_parallel_executor.executor.parallel:closing loop
[2.287s] DEBUG:colcon.colcon_parallel_executor.executor.parallel:loop closed
[2.287s] DEBUG:colcon.colcon_parallel_executor.executor.parallel:run_until_complete finished with '0'
[2.288s] DEBUG:colcon.colcon_core.event_reactor:joining thread
[2.319s] INFO:colcon.colcon_core.plugin_system:Skipping extension 'colcon_notification.desktop_notification.terminal_notifier': Not used on non-Darwin systems
[2.320s] INFO:colcon.colcon_core.plugin_system:Skipping extension 'colcon_notification.desktop_notification.win32': Not used on non-Windows systems
[2.320s] INFO:colcon.colcon_notification.desktop_notification:Sending desktop notification using 'notify2'
[2.373s] DEBUG:colcon.colcon_core.event_reactor:joined thread
[2.374s] INFO:colcon.colcon_core.shell:Creating prefix script '/home/tayya/Nav2_Dock_Robot/install/local_setup.ps1'
[2.380s] INFO:colcon.colcon_core.shell:Creating prefix util module '/home/tayya/Nav2_Dock_Robot/install/_local_setup_util_ps1.py'
[2.386s] INFO:colcon.colcon_core.shell:Creating prefix chain script '/home/tayya/Nav2_Dock_Robot/install/setup.ps1'
[2.392s] INFO:colcon.colcon_core.shell:Creating prefix script '/home/tayya/Nav2_Dock_Robot/install/local_setup.sh'
[2.398s] INFO:colcon.colcon_core.shell:Creating prefix util module '/home/tayya/Nav2_Dock_Robot/install/_local_setup_util_sh.py'
[2.401s] INFO:colcon.colcon_core.shell:Creating prefix chain script '/home/tayya/Nav2_Dock_Robot/install/setup.sh'
[2.405s] INFO:colcon.colcon_core.shell:Creating prefix script '/home/tayya/Nav2_Dock_Robot/install/local_setup.bash'
[2.409s] INFO:colcon.colcon_core.shell:Creating prefix chain script '/home/tayya/Nav2_Dock_Robot/install/setup.bash'
[2.415s] INFO:colcon.colcon_core.shell:Creating prefix script '/home/tayya/Nav2_Dock_Robot/install/local_setup.zsh'
[2.418s] INFO:colcon.colcon_core.shell:Creating prefix chain script '/home/tayya/Nav2_Dock_Robot/install/setup.zsh'
