[0.027s] Invoking command in '/home/tayya/Nav2_Dock_Robot/build/auto_dock': CMAKE_PREFIX_PATH=${CMAKE_PREFIX_PATH}:/opt/ros/humble /usr/bin/cmake --build /home/tayya/Nav2_Dock_Robot/build/auto_dock -- -j8 -l8
[0.076s] -- Found ament_cmake: 1.3.11 (/opt/ros/humble/share/ament_cmake/cmake)
[0.351s] -- Found rclcpp: 16.0.11 (/opt/ros/humble/share/rclcpp/cmake)
[0.413s] -- Found rosidl_generator_c: 3.1.6 (/opt/ros/humble/share/rosidl_generator_c/cmake)
[0.418s] -- Found rosidl_adapter: 3.1.6 (/opt/ros/humble/share/rosidl_adapter/cmake)
[0.431s] -- Found rosidl_generator_cpp: 3.1.6 (/opt/ros/humble/share/rosidl_generator_cpp/cmake)
[0.453s] -- Using all available rosidl_typesupport_c: rosidl_typesupport_fastrtps_c;rosidl_typesupport_introspection_c
[0.479s] -- Using all available rosidl_typesupport_cpp: rosidl_typesupport_fastrtps_cpp;rosidl_typesupport_introspection_cpp
[0.549s] -- Found rmw_implementation_cmake: 6.1.2 (/opt/ros/humble/share/rmw_implementation_cmake/cmake)
[0.552s] -- Found rmw_cyclonedds_cpp: 1.3.4 (/opt/ros/humble/share/rmw_cyclonedds_cpp/cmake)
[0.592s] -- Using RMW implementation 'rmw_cyclonedds_cpp' as default
[0.699s] -- Found sensor_msgs: 4.2.4 (/opt/ros/humble/share/sensor_msgs/cmake)
[0.765s] -- Found nav2_msgs: 1.1.17 (/opt/ros/humble/share/nav2_msgs/cmake)
[0.906s] -- Found nav2_bt_navigator: 1.1.17 (/opt/ros/humble/share/nav2_bt_navigator/cmake)
[1.122s] -- Found eigen3_cmake_module: 0.1.1 (/opt/ros/humble/share/eigen3_cmake_module/cmake)
[1.125s] -- Ensuring Eigen3 include directory is part of orocos-kdl CMake target
[1.790s] -- Configuring done
[1.908s] -- Generating done
[1.925s] -- Build files have been written to: /home/tayya/Nav2_Dock_Robot/build/auto_dock
[1.981s] [35m[1mConsolidate compiler generated dependencies of target dock_test[0m
[2.004s] [100%] Built target dock_test
[2.024s] Invoked command in '/home/tayya/Nav2_Dock_Robot/build/auto_dock' returned '0': CMAKE_PREFIX_PATH=${CMAKE_PREFIX_PATH}:/opt/ros/humble /usr/bin/cmake --build /home/tayya/Nav2_Dock_Robot/build/auto_dock -- -j8 -l8
[2.044s] Invoking command in '/home/tayya/Nav2_Dock_Robot/build/auto_dock': CMAKE_PREFIX_PATH=${CMAKE_PREFIX_PATH}:/opt/ros/humble /usr/bin/cmake --install /home/tayya/Nav2_Dock_Robot/build/auto_dock
[2.058s] -- Install configuration: ""
[2.059s] -- Up-to-date: /home/tayya/Nav2_Dock_Robot/install/auto_dock/share/auto_dock//launch
[2.059s] -- Up-to-date: /home/tayya/Nav2_Dock_Robot/install/auto_dock/share/auto_dock//launch/dock_test.launch.py
[2.059s] -- Up-to-date: /home/tayya/Nav2_Dock_Robot/install/auto_dock/share/auto_dock//params
[2.059s] -- Up-to-date: /home/tayya/Nav2_Dock_Robot/install/auto_dock/share/auto_dock//params/dock_server.yaml
[2.059s] -- Up-to-date: /home/tayya/Nav2_Dock_Robot/install/auto_dock/share/auto_dock//params/dock_database.yaml
[2.060s] -- Installing: /home/tayya/Nav2_Dock_Robot/install/auto_dock/lib/auto_dock/demo.py
[2.060s] -- Up-to-date: /home/tayya/Nav2_Dock_Robot/install/auto_dock/lib/auto_dock/dock_test
[2.060s] -- Up-to-date: /home/tayya/Nav2_Dock_Robot/install/auto_dock/share/ament_index/resource_index/package_run_dependencies/auto_dock
[2.060s] -- Up-to-date: /home/tayya/Nav2_Dock_Robot/install/auto_dock/share/ament_index/resource_index/parent_prefix_path/auto_dock
[2.060s] -- Up-to-date: /home/tayya/Nav2_Dock_Robot/install/auto_dock/share/auto_dock/environment/ament_prefix_path.sh
[2.061s] -- Installing: /home/tayya/Nav2_Dock_Robot/install/auto_dock/share/auto_dock/environment/ament_prefix_path.dsv
[2.061s] -- Up-to-date: /home/tayya/Nav2_Dock_Robot/install/auto_dock/share/auto_dock/environment/path.sh
[2.061s] -- Installing: /home/tayya/Nav2_Dock_Robot/install/auto_dock/share/auto_dock/environment/path.dsv
[2.061s] -- Up-to-date: /home/tayya/Nav2_Dock_Robot/install/auto_dock/share/auto_dock/local_setup.bash
[2.061s] -- Up-to-date: /home/tayya/Nav2_Dock_Robot/install/auto_dock/share/auto_dock/local_setup.sh
[2.062s] -- Up-to-date: /home/tayya/Nav2_Dock_Robot/install/auto_dock/share/auto_dock/local_setup.zsh
[2.062s] -- Installing: /home/tayya/Nav2_Dock_Robot/install/auto_dock/share/auto_dock/local_setup.dsv
[2.062s] -- Installing: /home/tayya/Nav2_Dock_Robot/install/auto_dock/share/auto_dock/package.dsv
[2.062s] -- Up-to-date: /home/tayya/Nav2_Dock_Robot/install/auto_dock/share/ament_index/resource_index/packages/auto_dock
[2.062s] -- Up-to-date: /home/tayya/Nav2_Dock_Robot/install/auto_dock/share/auto_dock/cmake/auto_dockConfig.cmake
[2.062s] -- Up-to-date: /home/tayya/Nav2_Dock_Robot/install/auto_dock/share/auto_dock/cmake/auto_dockConfig-version.cmake
[2.063s] -- Up-to-date: /home/tayya/Nav2_Dock_Robot/install/auto_dock/share/auto_dock/package.xml
[2.065s] Invoked command in '/home/tayya/Nav2_Dock_Robot/build/auto_dock' returned '0': CMAKE_PREFIX_PATH=${CMAKE_PREFIX_PATH}:/opt/ros/humble /usr/bin/cmake --install /home/tayya/Nav2_Dock_Robot/build/auto_dock
