[0.012s] Invoking command in '/home/tayya/Nav2_Dock_Robot/build/auto_dock': CMAKE_PREFIX_PATH=${CMAKE_PREFIX_PATH}:/opt/ros/humble /usr/bin/cmake --build /home/tayya/Nav2_Dock_Robot/build/auto_dock -- -j8 -l8
[0.073s] -- Found ament_cmake: 1.3.11 (/opt/ros/humble/share/ament_cmake/cmake)
[0.197s] -- Found rclcpp: 16.0.11 (/opt/ros/humble/share/rclcpp/cmake)
[0.233s] -- Found rosidl_generator_c: 3.1.6 (/opt/ros/humble/share/rosidl_generator_c/cmake)
[0.236s] -- Found rosidl_adapter: 3.1.6 (/opt/ros/humble/share/rosidl_adapter/cmake)
[0.243s] -- Found rosidl_generator_cpp: 3.1.6 (/opt/ros/humble/share/rosidl_generator_cpp/cmake)
[0.253s] -- Using all available rosidl_typesupport_c: rosidl_typesupport_fastrtps_c;rosidl_typesupport_introspection_c
[0.265s] -- Using all available rosidl_typesupport_cpp: rosidl_typesupport_fastrtps_cpp;rosidl_typesupport_introspection_cpp
[0.297s] -- Found rmw_implementation_cmake: 6.1.2 (/opt/ros/humble/share/rmw_implementation_cmake/cmake)
[0.299s] -- Found rmw_cyclonedds_cpp: 1.3.4 (/opt/ros/humble/share/rmw_cyclonedds_cpp/cmake)
[0.318s] -- Using RMW implementation 'rmw_cyclonedds_cpp' as default
[0.368s] -- Found sensor_msgs: 4.2.4 (/opt/ros/humble/share/sensor_msgs/cmake)
[0.400s] -- Found nav2_msgs: 1.1.17 (/opt/ros/humble/share/nav2_msgs/cmake)
[0.461s] -- Found nav2_bt_navigator: 1.1.17 (/opt/ros/humble/share/nav2_bt_navigator/cmake)
[0.555s] -- Found eigen3_cmake_module: 0.1.1 (/opt/ros/humble/share/eigen3_cmake_module/cmake)
[0.556s] -- Ensuring Eigen3 include directory is part of orocos-kdl CMake target
[0.807s] -- Configuring done
[0.916s] -- Generating done
[0.923s] -- Build files have been written to: /home/tayya/Nav2_Dock_Robot/build/auto_dock
[0.946s] [35m[1mConsolidate compiler generated dependencies of target dock_test[0m
[0.958s] [100%] Built target dock_test
[0.971s] Invoked command in '/home/tayya/Nav2_Dock_Robot/build/auto_dock' returned '0': CMAKE_PREFIX_PATH=${CMAKE_PREFIX_PATH}:/opt/ros/humble /usr/bin/cmake --build /home/tayya/Nav2_Dock_Robot/build/auto_dock -- -j8 -l8
[0.982s] Invoking command in '/home/tayya/Nav2_Dock_Robot/build/auto_dock': CMAKE_PREFIX_PATH=${CMAKE_PREFIX_PATH}:/opt/ros/humble /usr/bin/cmake --install /home/tayya/Nav2_Dock_Robot/build/auto_dock
[0.987s] -- Install configuration: ""
[0.987s] -- Up-to-date: /home/tayya/Nav2_Dock_Robot/install/auto_dock/share/auto_dock//launch
[0.988s] -- Installing: /home/tayya/Nav2_Dock_Robot/install/auto_dock/share/auto_dock//launch/tb3.launch.py
[0.988s] -- Up-to-date: /home/tayya/Nav2_Dock_Robot/install/auto_dock/share/auto_dock//launch/dock_test.launch.py
[0.988s] -- Up-to-date: /home/tayya/Nav2_Dock_Robot/install/auto_dock/share/auto_dock//params
[0.988s] -- Up-to-date: /home/tayya/Nav2_Dock_Robot/install/auto_dock/share/auto_dock//params/dock_server.yaml
[0.988s] -- Up-to-date: /home/tayya/Nav2_Dock_Robot/install/auto_dock/share/auto_dock//params/dock_database.yaml
[0.988s] -- Up-to-date: /home/tayya/Nav2_Dock_Robot/install/auto_dock/share/auto_dock//map
[0.988s] -- Up-to-date: /home/tayya/Nav2_Dock_Robot/install/auto_dock/share/auto_dock//map/my_map.pgm
[0.988s] -- Up-to-date: /home/tayya/Nav2_Dock_Robot/install/auto_dock/share/auto_dock//map/my_map.yaml
[0.988s] -- Up-to-date: /home/tayya/Nav2_Dock_Robot/install/auto_dock/lib/auto_dock/demo.py
[0.988s] -- Up-to-date: /home/tayya/Nav2_Dock_Robot/install/auto_dock/lib/auto_dock/dock_test
[0.988s] -- Up-to-date: /home/tayya/Nav2_Dock_Robot/install/auto_dock/share/ament_index/resource_index/package_run_dependencies/auto_dock
[0.988s] -- Up-to-date: /home/tayya/Nav2_Dock_Robot/install/auto_dock/share/ament_index/resource_index/parent_prefix_path/auto_dock
[0.988s] -- Up-to-date: /home/tayya/Nav2_Dock_Robot/install/auto_dock/share/auto_dock/environment/ament_prefix_path.sh
[0.988s] -- Installing: /home/tayya/Nav2_Dock_Robot/install/auto_dock/share/auto_dock/environment/ament_prefix_path.dsv
[0.988s] -- Up-to-date: /home/tayya/Nav2_Dock_Robot/install/auto_dock/share/auto_dock/environment/path.sh
[0.988s] -- Installing: /home/tayya/Nav2_Dock_Robot/install/auto_dock/share/auto_dock/environment/path.dsv
[0.989s] -- Up-to-date: /home/tayya/Nav2_Dock_Robot/install/auto_dock/share/auto_dock/local_setup.bash
[0.989s] -- Up-to-date: /home/tayya/Nav2_Dock_Robot/install/auto_dock/share/auto_dock/local_setup.sh
[0.989s] -- Up-to-date: /home/tayya/Nav2_Dock_Robot/install/auto_dock/share/auto_dock/local_setup.zsh
[0.989s] -- Installing: /home/tayya/Nav2_Dock_Robot/install/auto_dock/share/auto_dock/local_setup.dsv
[0.989s] -- Installing: /home/tayya/Nav2_Dock_Robot/install/auto_dock/share/auto_dock/package.dsv
[0.989s] -- Up-to-date: /home/tayya/Nav2_Dock_Robot/install/auto_dock/share/ament_index/resource_index/packages/auto_dock
[0.989s] -- Up-to-date: /home/tayya/Nav2_Dock_Robot/install/auto_dock/share/auto_dock/cmake/auto_dockConfig.cmake
[0.989s] -- Up-to-date: /home/tayya/Nav2_Dock_Robot/install/auto_dock/share/auto_dock/cmake/auto_dockConfig-version.cmake
[0.989s] -- Up-to-date: /home/tayya/Nav2_Dock_Robot/install/auto_dock/share/auto_dock/package.xml
[0.991s] Invoked command in '/home/tayya/Nav2_Dock_Robot/build/auto_dock' returned '0': CMAKE_PREFIX_PATH=${CMAKE_PREFIX_PATH}:/opt/ros/humble /usr/bin/cmake --install /home/tayya/Nav2_Dock_Robot/build/auto_dock
