[0.030s] Invoking command in '/home/tayya/Nav2_Dock_Robot/build/auto_dock': CMAKE_PREFIX_PATH=${CMAKE_PREFIX_PATH}:/opt/ros/humble /usr/bin/cmake --build /home/tayya/Nav2_Dock_Robot/build/auto_dock -- -j8 -l8
[0.086s] -- Found ament_cmake: 1.3.11 (/opt/ros/humble/share/ament_cmake/cmake)
[0.370s] -- Found rclcpp: 16.0.11 (/opt/ros/humble/share/rclcpp/cmake)
[0.431s] -- Found rosidl_generator_c: 3.1.6 (/opt/ros/humble/share/rosidl_generator_c/cmake)
[0.436s] -- Found rosidl_adapter: 3.1.6 (/opt/ros/humble/share/rosidl_adapter/cmake)
[0.450s] -- Found rosidl_generator_cpp: 3.1.6 (/opt/ros/humble/share/rosidl_generator_cpp/cmake)
[0.470s] -- Using all available rosidl_typesupport_c: rosidl_typesupport_fastrtps_c;rosidl_typesupport_introspection_c
[0.496s] -- Using all available rosidl_typesupport_cpp: rosidl_typesupport_fastrtps_cpp;rosidl_typesupport_introspection_cpp
[0.569s] -- Found rmw_implementation_cmake: 6.1.2 (/opt/ros/humble/share/rmw_implementation_cmake/cmake)
[0.571s] -- Found rmw_fastrtps_cpp: 6.2.7 (/opt/ros/humble/share/rmw_fastrtps_cpp/cmake)
[0.794s] -- Using RMW implementation 'rmw_fastrtps_cpp' as default
[0.907s] -- Found sensor_msgs: 4.2.4 (/opt/ros/humble/share/sensor_msgs/cmake)
[0.973s] -- Found nav2_msgs: 1.1.17 (/opt/ros/humble/share/nav2_msgs/cmake)
[1.122s] -- Found nav2_bt_navigator: 1.1.17 (/opt/ros/humble/share/nav2_bt_navigator/cmake)
[1.340s] -- Found eigen3_cmake_module: 0.1.1 (/opt/ros/humble/share/eigen3_cmake_module/cmake)
[1.343s] -- Ensuring Eigen3 include directory is part of orocos-kdl CMake target
[1.708s] [31mCMake Error at /opt/ros/humble/share/ament_cmake_target_dependencies/cmake/ament_target_dependencies.cmake:42 (message):
[1.708s]   ament_target_dependencies() the first argument must be a valid target name
[1.709s] Call Stack (most recent call first):
[1.709s]   CMakeLists.txt:16 (ament_target_dependencies)
[1.709s] 
[1.709s] [0m
[1.709s] -- Configuring incomplete, errors occurred!
[1.710s] See also "/home/tayya/Nav2_Dock_Robot/build/auto_dock/CMakeFiles/CMakeOutput.log".
[1.724s] gmake: *** [Makefile:267: cmake_check_build_system] Error 1
[1.728s] Invoked command in '/home/tayya/Nav2_Dock_Robot/build/auto_dock' returned '2': CMAKE_PREFIX_PATH=${CMAKE_PREFIX_PATH}:/opt/ros/humble /usr/bin/cmake --build /home/tayya/Nav2_Dock_Robot/build/auto_dock -- -j8 -l8
