[0.450s] DEBUG:colcon:Command line arguments: ['/usr/bin/colcon', 'build']
[0.450s] DEBUG:colcon:Parsed command line arguments: Namespace(log_base=None, log_level=None, verb_name='build', build_base='build', install_base='install', merge_install=False, symlink_install=False, test_result_base=None, continue_on_error=False, executor='parallel', parallel_workers=8, event_handlers=None, ignore_user_meta=False, metas=['./colcon.meta'], base_paths=['.'], packages_ignore=None, packages_ignore_regex=None, paths=None, packages_up_to=None, packages_up_to_regex=None, packages_above=None, packages_above_and_dependencies=None, packages_above_depth=None, packages_select_by_dep=None, packages_skip_by_dep=None, packages_skip_up_to=None, packages_select_build_failed=False, packages_skip_build_finished=False, packages_select_test_failures=False, packages_skip_test_passed=False, packages_select=None, packages_skip=None, packages_select_regex=None, packages_skip_regex=None, packages_start=None, packages_end=None, allow_overriding=[], cmake_args=None, cmake_target=None, cmake_target_skip_unavailable=False, cmake_clean_cache=False, cmake_clean_first=False, cmake_force_configure=False, ament_cmake_args=None, catkin_cmake_args=None, catkin_skip_building_tests=False, mixin_files=None, mixin=None, verb_parser=<colcon_mixin.mixin.mixin_argument.MixinArgumentDecorator object at 0x768ae1636bf0>, verb_extension=<colcon_core.verb.build.BuildVerb object at 0x768ae16366b0>, main=<bound method BuildVerb.main of <colcon_core.verb.build.BuildVerb object at 0x768ae16366b0>>, mixin_verb=('build',))
[1.068s] Level 1:colcon.colcon_core.package_discovery:discover_packages(colcon_meta) check parameters
[1.068s] Level 1:colcon.colcon_core.package_discovery:discover_packages(recursive) check parameters
[1.069s] Level 1:colcon.colcon_core.package_discovery:discover_packages(ignore) check parameters
[1.070s] Level 1:colcon.colcon_core.package_discovery:discover_packages(path) check parameters
[1.072s] Level 1:colcon.colcon_core.package_discovery:discover_packages(colcon_meta) discover
[1.073s] Level 1:colcon.colcon_core.package_discovery:discover_packages(recursive) discover
[1.073s] INFO:colcon.colcon_core.package_discovery:Crawling recursively for packages in '/home/tayya/Nav2_Dock_Robot'
[1.073s] Level 1:colcon.colcon_core.package_identification:_identify(.) by extensions ['ignore', 'ignore_ament_install']
[1.074s] Level 1:colcon.colcon_core.package_identification:_identify(.) by extension 'ignore'
[1.075s] Level 1:colcon.colcon_core.package_identification:_identify(.) by extension 'ignore_ament_install'
[1.075s] Level 1:colcon.colcon_core.package_identification:_identify(.) by extensions ['colcon_pkg']
[1.075s] Level 1:colcon.colcon_core.package_identification:_identify(.) by extension 'colcon_pkg'
[1.076s] Level 1:colcon.colcon_core.package_identification:_identify(.) by extensions ['colcon_meta']
[1.076s] Level 1:colcon.colcon_core.package_identification:_identify(.) by extension 'colcon_meta'
[1.076s] Level 1:colcon.colcon_core.package_identification:_identify(.) by extensions ['ros']
[1.076s] Level 1:colcon.colcon_core.package_identification:_identify(.) by extension 'ros'
[1.119s] Level 1:colcon.colcon_core.package_identification:_identify(.) by extensions ['cmake', 'python']
[1.119s] Level 1:colcon.colcon_core.package_identification:_identify(.) by extension 'cmake'
[1.120s] Level 1:colcon.colcon_core.package_identification:_identify(.) by extension 'python'
[1.120s] Level 1:colcon.colcon_core.package_identification:_identify(.) by extensions ['python_setup_py']
[1.120s] Level 1:colcon.colcon_core.package_identification:_identify(.) by extension 'python_setup_py'
[1.121s] Level 1:colcon.colcon_core.package_identification:_identify(build) by extensions ['ignore', 'ignore_ament_install']
[1.122s] Level 1:colcon.colcon_core.package_identification:_identify(build) by extension 'ignore'
[1.122s] Level 1:colcon.colcon_core.package_identification:_identify(build) ignored
[1.122s] Level 1:colcon.colcon_core.package_identification:_identify(install) by extensions ['ignore', 'ignore_ament_install']
[1.122s] Level 1:colcon.colcon_core.package_identification:_identify(install) by extension 'ignore'
[1.122s] Level 1:colcon.colcon_core.package_identification:_identify(install) ignored
[1.123s] Level 1:colcon.colcon_core.package_identification:_identify(log) by extensions ['ignore', 'ignore_ament_install']
[1.123s] Level 1:colcon.colcon_core.package_identification:_identify(log) by extension 'ignore'
[1.123s] Level 1:colcon.colcon_core.package_identification:_identify(log) ignored
[1.124s] Level 1:colcon.colcon_core.package_identification:_identify(src) by extensions ['ignore', 'ignore_ament_install']
[1.125s] Level 1:colcon.colcon_core.package_identification:_identify(src) by extension 'ignore'
[1.125s] Level 1:colcon.colcon_core.package_identification:_identify(src) by extension 'ignore_ament_install'
[1.125s] Level 1:colcon.colcon_core.package_identification:_identify(src) by extensions ['colcon_pkg']
[1.126s] Level 1:colcon.colcon_core.package_identification:_identify(src) by extension 'colcon_pkg'
[1.126s] Level 1:colcon.colcon_core.package_identification:_identify(src) by extensions ['colcon_meta']
[1.126s] Level 1:colcon.colcon_core.package_identification:_identify(src) by extension 'colcon_meta'
[1.126s] Level 1:colcon.colcon_core.package_identification:_identify(src) by extensions ['ros']
[1.126s] Level 1:colcon.colcon_core.package_identification:_identify(src) by extension 'ros'
[1.126s] Level 1:colcon.colcon_core.package_identification:_identify(src) by extensions ['cmake', 'python']
[1.126s] Level 1:colcon.colcon_core.package_identification:_identify(src) by extension 'cmake'
[1.126s] Level 1:colcon.colcon_core.package_identification:_identify(src) by extension 'python'
[1.126s] Level 1:colcon.colcon_core.package_identification:_identify(src) by extensions ['python_setup_py']
[1.126s] Level 1:colcon.colcon_core.package_identification:_identify(src) by extension 'python_setup_py'
[1.126s] Level 1:colcon.colcon_core.package_identification:_identify(src/auto_dock) by extensions ['ignore', 'ignore_ament_install']
[1.127s] Level 1:colcon.colcon_core.package_identification:_identify(src/auto_dock) by extension 'ignore'
[1.127s] Level 1:colcon.colcon_core.package_identification:_identify(src/auto_dock) by extension 'ignore_ament_install'
[1.127s] Level 1:colcon.colcon_core.package_identification:_identify(src/auto_dock) by extensions ['colcon_pkg']
[1.127s] Level 1:colcon.colcon_core.package_identification:_identify(src/auto_dock) by extension 'colcon_pkg'
[1.127s] Level 1:colcon.colcon_core.package_identification:_identify(src/auto_dock) by extensions ['colcon_meta']
[1.127s] Level 1:colcon.colcon_core.package_identification:_identify(src/auto_dock) by extension 'colcon_meta'
[1.127s] Level 1:colcon.colcon_core.package_identification:_identify(src/auto_dock) by extensions ['ros']
[1.128s] Level 1:colcon.colcon_core.package_identification:_identify(src/auto_dock) by extension 'ros'
[1.142s] DEBUG:colcon.colcon_core.package_identification:Package 'src/auto_dock' with type 'ros.ament_cmake' and name 'auto_dock'
[1.142s] Level 1:colcon.colcon_core.package_discovery:discover_packages(recursive) using defaults
[1.142s] Level 1:colcon.colcon_core.package_discovery:discover_packages(ignore) discover
[1.142s] Level 1:colcon.colcon_core.package_discovery:discover_packages(ignore) using defaults
[1.142s] Level 1:colcon.colcon_core.package_discovery:discover_packages(path) discover
[1.142s] Level 1:colcon.colcon_core.package_discovery:discover_packages(path) using defaults
[1.306s] Level 1:colcon.colcon_core.package_discovery:discover_packages(prefix_path) check parameters
[1.306s] Level 1:colcon.colcon_core.package_discovery:discover_packages(prefix_path) discover
[1.318s] DEBUG:colcon.colcon_installed_package_information.package_discovery:Found 1 installed packages in /home/tayya/Nav2_Dock_Robot/install
[1.323s] DEBUG:colcon.colcon_installed_package_information.package_discovery:Found 391 installed packages in /opt/ros/humble
[1.337s] Level 1:colcon.colcon_core.package_discovery:discover_packages(prefix_path) using defaults
[1.535s] Level 5:colcon.colcon_core.verb:set package 'auto_dock' build argument 'cmake_args' from command line to 'None'
[1.535s] Level 5:colcon.colcon_core.verb:set package 'auto_dock' build argument 'cmake_target' from command line to 'None'
[1.535s] Level 5:colcon.colcon_core.verb:set package 'auto_dock' build argument 'cmake_target_skip_unavailable' from command line to 'False'
[1.535s] Level 5:colcon.colcon_core.verb:set package 'auto_dock' build argument 'cmake_clean_cache' from command line to 'False'
[1.535s] Level 5:colcon.colcon_core.verb:set package 'auto_dock' build argument 'cmake_clean_first' from command line to 'False'
[1.535s] Level 5:colcon.colcon_core.verb:set package 'auto_dock' build argument 'cmake_force_configure' from command line to 'False'
[1.535s] Level 5:colcon.colcon_core.verb:set package 'auto_dock' build argument 'ament_cmake_args' from command line to 'None'
[1.535s] Level 5:colcon.colcon_core.verb:set package 'auto_dock' build argument 'catkin_cmake_args' from command line to 'None'
[1.535s] Level 5:colcon.colcon_core.verb:set package 'auto_dock' build argument 'catkin_skip_building_tests' from command line to 'False'
[1.535s] DEBUG:colcon.colcon_core.verb:Building package 'auto_dock' with the following arguments: {'ament_cmake_args': None, 'build_base': '/home/tayya/Nav2_Dock_Robot/build/auto_dock', 'catkin_cmake_args': None, 'catkin_skip_building_tests': False, 'cmake_args': None, 'cmake_clean_cache': False, 'cmake_clean_first': False, 'cmake_force_configure': False, 'cmake_target': None, 'cmake_target_skip_unavailable': False, 'install_base': '/home/tayya/Nav2_Dock_Robot/install/auto_dock', 'merge_install': False, 'path': '/home/tayya/Nav2_Dock_Robot/src/auto_dock', 'symlink_install': False, 'test_result_base': None}
[1.536s] INFO:colcon.colcon_core.executor:Executing jobs using 'parallel' executor
[1.538s] DEBUG:colcon.colcon_parallel_executor.executor.parallel:run_until_complete
[1.539s] INFO:colcon.colcon_ros.task.ament_cmake.build:Building ROS package in '/home/tayya/Nav2_Dock_Robot/src/auto_dock' with build type 'ament_cmake'
[1.540s] INFO:colcon.colcon_cmake.task.cmake.build:Building CMake package in '/home/tayya/Nav2_Dock_Robot/src/auto_dock'
[1.553s] INFO:colcon.colcon_core.plugin_system:Skipping extension 'colcon_core.shell.bat': Not used on non-Windows systems
[1.554s] INFO:colcon.colcon_core.shell:Skip shell extension 'powershell' for command environment: Not usable outside of PowerShell
[1.555s] DEBUG:colcon.colcon_core.shell:Skip shell extension 'dsv' for command environment
[1.591s] DEBUG:colcon.colcon_core.event_handler.log_command:Invoking command in '/home/tayya/Nav2_Dock_Robot/build/auto_dock': CMAKE_PREFIX_PATH=${CMAKE_PREFIX_PATH}:/opt/ros/humble /usr/bin/cmake --build /home/tayya/Nav2_Dock_Robot/build/auto_dock -- -j8 -l8
[1.780s] DEBUG:colcon.colcon_core.event_handler.log_command:Invoked command in '/home/tayya/Nav2_Dock_Robot/build/auto_dock' returned '0': CMAKE_PREFIX_PATH=${CMAKE_PREFIX_PATH}:/opt/ros/humble /usr/bin/cmake --build /home/tayya/Nav2_Dock_Robot/build/auto_dock -- -j8 -l8
[1.813s] DEBUG:colcon.colcon_core.event_handler.log_command:Invoking command in '/home/tayya/Nav2_Dock_Robot/build/auto_dock': CMAKE_PREFIX_PATH=${CMAKE_PREFIX_PATH}:/opt/ros/humble /usr/bin/cmake --install /home/tayya/Nav2_Dock_Robot/build/auto_dock
[1.847s] Level 1:colcon.colcon_core.environment:create_environment_scripts_only(auto_dock)
[1.848s] DEBUG:colcon.colcon_core.event_handler.log_command:Invoked command in '/home/tayya/Nav2_Dock_Robot/build/auto_dock' returned '0': CMAKE_PREFIX_PATH=${CMAKE_PREFIX_PATH}:/opt/ros/humble /usr/bin/cmake --install /home/tayya/Nav2_Dock_Robot/build/auto_dock
[1.860s] Level 1:colcon.colcon_core.environment:checking '/home/tayya/Nav2_Dock_Robot/install/auto_dock' for CMake module files
[1.862s] Level 1:colcon.colcon_core.environment:checking '/home/tayya/Nav2_Dock_Robot/install/auto_dock' for CMake config files
[1.862s] Level 1:colcon.colcon_core.shell:create_environment_hook('auto_dock', 'cmake_prefix_path')
[1.863s] INFO:colcon.colcon_core.shell:Creating environment hook '/home/tayya/Nav2_Dock_Robot/install/auto_dock/share/auto_dock/hook/cmake_prefix_path.ps1'
[1.864s] INFO:colcon.colcon_core.shell:Creating environment descriptor '/home/tayya/Nav2_Dock_Robot/install/auto_dock/share/auto_dock/hook/cmake_prefix_path.dsv'
[1.872s] INFO:colcon.colcon_core.shell:Creating environment hook '/home/tayya/Nav2_Dock_Robot/install/auto_dock/share/auto_dock/hook/cmake_prefix_path.sh'
[1.877s] Level 1:colcon.colcon_core.environment:checking '/home/tayya/Nav2_Dock_Robot/install/auto_dock/lib'
[1.878s] Level 1:colcon.colcon_core.environment:checking '/home/tayya/Nav2_Dock_Robot/install/auto_dock/bin'
[1.878s] Level 1:colcon.colcon_core.environment:checking '/home/tayya/Nav2_Dock_Robot/install/auto_dock/lib/pkgconfig/auto_dock.pc'
[1.878s] Level 1:colcon.colcon_core.environment:checking '/home/tayya/Nav2_Dock_Robot/install/auto_dock/lib/python3.10/site-packages'
[1.879s] Level 1:colcon.colcon_core.environment:checking '/home/tayya/Nav2_Dock_Robot/install/auto_dock/bin'
[1.879s] INFO:colcon.colcon_core.shell:Creating package script '/home/tayya/Nav2_Dock_Robot/install/auto_dock/share/auto_dock/package.ps1'
[1.882s] INFO:colcon.colcon_core.shell:Creating package descriptor '/home/tayya/Nav2_Dock_Robot/install/auto_dock/share/auto_dock/package.dsv'
[1.889s] INFO:colcon.colcon_core.shell:Creating package script '/home/tayya/Nav2_Dock_Robot/install/auto_dock/share/auto_dock/package.sh'
[1.892s] INFO:colcon.colcon_core.shell:Creating package script '/home/tayya/Nav2_Dock_Robot/install/auto_dock/share/auto_dock/package.bash'
[1.894s] INFO:colcon.colcon_core.shell:Creating package script '/home/tayya/Nav2_Dock_Robot/install/auto_dock/share/auto_dock/package.zsh'
[1.896s] Level 1:colcon.colcon_core.environment:create_file_with_runtime_dependencies(/home/tayya/Nav2_Dock_Robot/install/auto_dock/share/colcon-core/packages/auto_dock)
[1.904s] Level 1:colcon.colcon_core.environment:create_environment_scripts_only(auto_dock)
[1.905s] Level 1:colcon.colcon_core.environment:checking '/home/tayya/Nav2_Dock_Robot/install/auto_dock' for CMake module files
[1.907s] Level 1:colcon.colcon_core.environment:checking '/home/tayya/Nav2_Dock_Robot/install/auto_dock' for CMake config files
[1.908s] Level 1:colcon.colcon_core.shell:create_environment_hook('auto_dock', 'cmake_prefix_path')
[1.908s] INFO:colcon.colcon_core.shell:Creating environment hook '/home/tayya/Nav2_Dock_Robot/install/auto_dock/share/auto_dock/hook/cmake_prefix_path.ps1'
[1.909s] INFO:colcon.colcon_core.shell:Creating environment descriptor '/home/tayya/Nav2_Dock_Robot/install/auto_dock/share/auto_dock/hook/cmake_prefix_path.dsv'
[1.910s] INFO:colcon.colcon_core.shell:Creating environment hook '/home/tayya/Nav2_Dock_Robot/install/auto_dock/share/auto_dock/hook/cmake_prefix_path.sh'
[1.914s] Level 1:colcon.colcon_core.environment:checking '/home/tayya/Nav2_Dock_Robot/install/auto_dock/lib'
[1.914s] Level 1:colcon.colcon_core.environment:checking '/home/tayya/Nav2_Dock_Robot/install/auto_dock/bin'
[1.915s] Level 1:colcon.colcon_core.environment:checking '/home/tayya/Nav2_Dock_Robot/install/auto_dock/lib/pkgconfig/auto_dock.pc'
[1.919s] Level 1:colcon.colcon_core.environment:checking '/home/tayya/Nav2_Dock_Robot/install/auto_dock/lib/python3.10/site-packages'
[1.920s] Level 1:colcon.colcon_core.environment:checking '/home/tayya/Nav2_Dock_Robot/install/auto_dock/bin'
[1.922s] INFO:colcon.colcon_core.shell:Creating package script '/home/tayya/Nav2_Dock_Robot/install/auto_dock/share/auto_dock/package.ps1'
[1.923s] INFO:colcon.colcon_core.shell:Creating package descriptor '/home/tayya/Nav2_Dock_Robot/install/auto_dock/share/auto_dock/package.dsv'
[1.924s] INFO:colcon.colcon_core.shell:Creating package script '/home/tayya/Nav2_Dock_Robot/install/auto_dock/share/auto_dock/package.sh'
[1.926s] INFO:colcon.colcon_core.shell:Creating package script '/home/tayya/Nav2_Dock_Robot/install/auto_dock/share/auto_dock/package.bash'
[1.927s] INFO:colcon.colcon_core.shell:Creating package script '/home/tayya/Nav2_Dock_Robot/install/auto_dock/share/auto_dock/package.zsh'
[1.928s] Level 1:colcon.colcon_core.environment:create_file_with_runtime_dependencies(/home/tayya/Nav2_Dock_Robot/install/auto_dock/share/colcon-core/packages/auto_dock)
[1.932s] DEBUG:colcon.colcon_parallel_executor.executor.parallel:closing loop
[1.936s] DEBUG:colcon.colcon_parallel_executor.executor.parallel:loop closed
[1.937s] DEBUG:colcon.colcon_parallel_executor.executor.parallel:run_until_complete finished with '0'
[1.937s] DEBUG:colcon.colcon_core.event_reactor:joining thread
[1.956s] INFO:colcon.colcon_core.plugin_system:Skipping extension 'colcon_notification.desktop_notification.terminal_notifier': Not used on non-Darwin systems
[1.956s] INFO:colcon.colcon_core.plugin_system:Skipping extension 'colcon_notification.desktop_notification.win32': Not used on non-Windows systems
[1.956s] INFO:colcon.colcon_notification.desktop_notification:Sending desktop notification using 'notify2'
[2.005s] DEBUG:colcon.colcon_core.event_reactor:joined thread
[2.005s] INFO:colcon.colcon_core.shell:Creating prefix script '/home/tayya/Nav2_Dock_Robot/install/local_setup.ps1'
[2.006s] INFO:colcon.colcon_core.shell:Creating prefix util module '/home/tayya/Nav2_Dock_Robot/install/_local_setup_util_ps1.py'
[2.012s] INFO:colcon.colcon_core.shell:Creating prefix chain script '/home/tayya/Nav2_Dock_Robot/install/setup.ps1'
[2.017s] INFO:colcon.colcon_core.shell:Creating prefix script '/home/tayya/Nav2_Dock_Robot/install/local_setup.sh'
[2.020s] INFO:colcon.colcon_core.shell:Creating prefix util module '/home/tayya/Nav2_Dock_Robot/install/_local_setup_util_sh.py'
[2.022s] INFO:colcon.colcon_core.shell:Creating prefix chain script '/home/tayya/Nav2_Dock_Robot/install/setup.sh'
[2.026s] INFO:colcon.colcon_core.shell:Creating prefix script '/home/tayya/Nav2_Dock_Robot/install/local_setup.bash'
[2.035s] INFO:colcon.colcon_core.shell:Creating prefix chain script '/home/tayya/Nav2_Dock_Robot/install/setup.bash'
[2.038s] INFO:colcon.colcon_core.shell:Creating prefix script '/home/tayya/Nav2_Dock_Robot/install/local_setup.zsh'
[2.040s] INFO:colcon.colcon_core.shell:Creating prefix chain script '/home/tayya/Nav2_Dock_Robot/install/setup.zsh'
