[0.245s] DEBUG:colcon:Command line arguments: ['/usr/bin/colcon', 'build']
[0.245s] DEBUG:colcon:Parsed command line arguments: Namespace(log_base=None, log_level=None, verb_name='build', build_base='build', install_base='install', merge_install=False, symlink_install=False, test_result_base=None, continue_on_error=False, executor='parallel', parallel_workers=8, event_handlers=None, ignore_user_meta=False, metas=['./colcon.meta'], base_paths=['.'], packages_ignore=None, packages_ignore_regex=None, paths=None, packages_up_to=None, packages_up_to_regex=None, packages_above=None, packages_above_and_dependencies=None, packages_above_depth=None, packages_select_by_dep=None, packages_skip_by_dep=None, packages_skip_up_to=None, packages_select_build_failed=False, packages_skip_build_finished=False, packages_select_test_failures=False, packages_skip_test_passed=False, packages_select=None, packages_skip=None, packages_select_regex=None, packages_skip_regex=None, packages_start=None, packages_end=None, allow_overriding=[], cmake_args=None, cmake_target=None, cmake_target_skip_unavailable=False, cmake_clean_cache=False, cmake_clean_first=False, cmake_force_configure=False, ament_cmake_args=None, catkin_cmake_args=None, catkin_skip_building_tests=False, mixin_files=None, mixin=None, verb_parser=<colcon_mixin.mixin.mixin_argument.MixinArgumentDecorator object at 0x756ef9f46c20>, verb_extension=<colcon_core.verb.build.BuildVerb object at 0x756ef9f466e0>, main=<bound method BuildVerb.main of <colcon_core.verb.build.BuildVerb object at 0x756ef9f466e0>>, mixin_verb=('build',))
[0.624s] Level 1:colcon.colcon_core.package_discovery:discover_packages(colcon_meta) check parameters
[0.624s] Level 1:colcon.colcon_core.package_discovery:discover_packages(recursive) check parameters
[0.624s] Level 1:colcon.colcon_core.package_discovery:discover_packages(ignore) check parameters
[0.624s] Level 1:colcon.colcon_core.package_discovery:discover_packages(path) check parameters
[0.624s] Level 1:colcon.colcon_core.package_discovery:discover_packages(colcon_meta) discover
[0.624s] Level 1:colcon.colcon_core.package_discovery:discover_packages(recursive) discover
[0.624s] INFO:colcon.colcon_core.package_discovery:Crawling recursively for packages in '/home/tayya/Nav2_Dock_Robot'
[0.625s] Level 1:colcon.colcon_core.package_identification:_identify(.) by extensions ['ignore', 'ignore_ament_install']
[0.625s] Level 1:colcon.colcon_core.package_identification:_identify(.) by extension 'ignore'
[0.625s] Level 1:colcon.colcon_core.package_identification:_identify(.) by extension 'ignore_ament_install'
[0.625s] Level 1:colcon.colcon_core.package_identification:_identify(.) by extensions ['colcon_pkg']
[0.625s] Level 1:colcon.colcon_core.package_identification:_identify(.) by extension 'colcon_pkg'
[0.625s] Level 1:colcon.colcon_core.package_identification:_identify(.) by extensions ['colcon_meta']
[0.625s] Level 1:colcon.colcon_core.package_identification:_identify(.) by extension 'colcon_meta'
[0.625s] Level 1:colcon.colcon_core.package_identification:_identify(.) by extensions ['ros']
[0.626s] Level 1:colcon.colcon_core.package_identification:_identify(.) by extension 'ros'
[0.649s] Level 1:colcon.colcon_core.package_identification:_identify(.) by extensions ['cmake', 'python']
[0.650s] Level 1:colcon.colcon_core.package_identification:_identify(.) by extension 'cmake'
[0.650s] Level 1:colcon.colcon_core.package_identification:_identify(.) by extension 'python'
[0.650s] Level 1:colcon.colcon_core.package_identification:_identify(.) by extensions ['python_setup_py']
[0.650s] Level 1:colcon.colcon_core.package_identification:_identify(.) by extension 'python_setup_py'
[0.650s] Level 1:colcon.colcon_core.package_identification:_identify(build) by extensions ['ignore', 'ignore_ament_install']
[0.650s] Level 1:colcon.colcon_core.package_identification:_identify(build) by extension 'ignore'
[0.651s] Level 1:colcon.colcon_core.package_identification:_identify(build) ignored
[0.651s] Level 1:colcon.colcon_core.package_identification:_identify(install) by extensions ['ignore', 'ignore_ament_install']
[0.651s] Level 1:colcon.colcon_core.package_identification:_identify(install) by extension 'ignore'
[0.651s] Level 1:colcon.colcon_core.package_identification:_identify(install) ignored
[0.651s] Level 1:colcon.colcon_core.package_identification:_identify(log) by extensions ['ignore', 'ignore_ament_install']
[0.652s] Level 1:colcon.colcon_core.package_identification:_identify(log) by extension 'ignore'
[0.652s] Level 1:colcon.colcon_core.package_identification:_identify(log) ignored
[0.652s] Level 1:colcon.colcon_core.package_identification:_identify(src) by extensions ['ignore', 'ignore_ament_install']
[0.652s] Level 1:colcon.colcon_core.package_identification:_identify(src) by extension 'ignore'
[0.652s] Level 1:colcon.colcon_core.package_identification:_identify(src) by extension 'ignore_ament_install'
[0.652s] Level 1:colcon.colcon_core.package_identification:_identify(src) by extensions ['colcon_pkg']
[0.652s] Level 1:colcon.colcon_core.package_identification:_identify(src) by extension 'colcon_pkg'
[0.652s] Level 1:colcon.colcon_core.package_identification:_identify(src) by extensions ['colcon_meta']
[0.652s] Level 1:colcon.colcon_core.package_identification:_identify(src) by extension 'colcon_meta'
[0.653s] Level 1:colcon.colcon_core.package_identification:_identify(src) by extensions ['ros']
[0.653s] Level 1:colcon.colcon_core.package_identification:_identify(src) by extension 'ros'
[0.653s] Level 1:colcon.colcon_core.package_identification:_identify(src) by extensions ['cmake', 'python']
[0.653s] Level 1:colcon.colcon_core.package_identification:_identify(src) by extension 'cmake'
[0.653s] Level 1:colcon.colcon_core.package_identification:_identify(src) by extension 'python'
[0.653s] Level 1:colcon.colcon_core.package_identification:_identify(src) by extensions ['python_setup_py']
[0.653s] Level 1:colcon.colcon_core.package_identification:_identify(src) by extension 'python_setup_py'
[0.653s] Level 1:colcon.colcon_core.package_identification:_identify(src/auto_dock) by extensions ['ignore', 'ignore_ament_install']
[0.654s] Level 1:colcon.colcon_core.package_identification:_identify(src/auto_dock) by extension 'ignore'
[0.654s] Level 1:colcon.colcon_core.package_identification:_identify(src/auto_dock) by extension 'ignore_ament_install'
[0.654s] Level 1:colcon.colcon_core.package_identification:_identify(src/auto_dock) by extensions ['colcon_pkg']
[0.654s] Level 1:colcon.colcon_core.package_identification:_identify(src/auto_dock) by extension 'colcon_pkg'
[0.654s] Level 1:colcon.colcon_core.package_identification:_identify(src/auto_dock) by extensions ['colcon_meta']
[0.654s] Level 1:colcon.colcon_core.package_identification:_identify(src/auto_dock) by extension 'colcon_meta'
[0.654s] Level 1:colcon.colcon_core.package_identification:_identify(src/auto_dock) by extensions ['ros']
[0.654s] Level 1:colcon.colcon_core.package_identification:_identify(src/auto_dock) by extension 'ros'
[0.660s] DEBUG:colcon.colcon_core.package_identification:Package 'src/auto_dock' with type 'ros.ament_cmake' and name 'auto_dock'
[0.660s] Level 1:colcon.colcon_core.package_discovery:discover_packages(recursive) using defaults
[0.661s] Level 1:colcon.colcon_core.package_discovery:discover_packages(ignore) discover
[0.661s] Level 1:colcon.colcon_core.package_discovery:discover_packages(ignore) using defaults
[0.661s] Level 1:colcon.colcon_core.package_discovery:discover_packages(path) discover
[0.661s] Level 1:colcon.colcon_core.package_discovery:discover_packages(path) using defaults
[0.726s] Level 1:colcon.colcon_core.package_discovery:discover_packages(prefix_path) check parameters
[0.726s] Level 1:colcon.colcon_core.package_discovery:discover_packages(prefix_path) discover
[0.732s] DEBUG:colcon.colcon_installed_package_information.package_discovery:Found 390 installed packages in /opt/ros/humble
[0.737s] Level 1:colcon.colcon_core.package_discovery:discover_packages(prefix_path) using defaults
[0.849s] Level 5:colcon.colcon_core.verb:set package 'auto_dock' build argument 'cmake_args' from command line to 'None'
[0.850s] Level 5:colcon.colcon_core.verb:set package 'auto_dock' build argument 'cmake_target' from command line to 'None'
[0.850s] Level 5:colcon.colcon_core.verb:set package 'auto_dock' build argument 'cmake_target_skip_unavailable' from command line to 'False'
[0.850s] Level 5:colcon.colcon_core.verb:set package 'auto_dock' build argument 'cmake_clean_cache' from command line to 'False'
[0.850s] Level 5:colcon.colcon_core.verb:set package 'auto_dock' build argument 'cmake_clean_first' from command line to 'False'
[0.850s] Level 5:colcon.colcon_core.verb:set package 'auto_dock' build argument 'cmake_force_configure' from command line to 'False'
[0.850s] Level 5:colcon.colcon_core.verb:set package 'auto_dock' build argument 'ament_cmake_args' from command line to 'None'
[0.850s] Level 5:colcon.colcon_core.verb:set package 'auto_dock' build argument 'catkin_cmake_args' from command line to 'None'
[0.850s] Level 5:colcon.colcon_core.verb:set package 'auto_dock' build argument 'catkin_skip_building_tests' from command line to 'False'
[0.851s] DEBUG:colcon.colcon_core.verb:Building package 'auto_dock' with the following arguments: {'ament_cmake_args': None, 'build_base': '/home/tayya/Nav2_Dock_Robot/build/auto_dock', 'catkin_cmake_args': None, 'catkin_skip_building_tests': False, 'cmake_args': None, 'cmake_clean_cache': False, 'cmake_clean_first': False, 'cmake_force_configure': False, 'cmake_target': None, 'cmake_target_skip_unavailable': False, 'install_base': '/home/tayya/Nav2_Dock_Robot/install/auto_dock', 'merge_install': False, 'path': '/home/tayya/Nav2_Dock_Robot/src/auto_dock', 'symlink_install': False, 'test_result_base': None}
[0.851s] INFO:colcon.colcon_core.executor:Executing jobs using 'parallel' executor
[0.854s] DEBUG:colcon.colcon_parallel_executor.executor.parallel:run_until_complete
[0.854s] INFO:colcon.colcon_ros.task.ament_cmake.build:Building ROS package in '/home/tayya/Nav2_Dock_Robot/src/auto_dock' with build type 'ament_cmake'
[0.855s] INFO:colcon.colcon_cmake.task.cmake.build:Building CMake package in '/home/tayya/Nav2_Dock_Robot/src/auto_dock'
[0.860s] INFO:colcon.colcon_core.plugin_system:Skipping extension 'colcon_core.shell.bat': Not used on non-Windows systems
[0.860s] INFO:colcon.colcon_core.shell:Skip shell extension 'powershell' for command environment: Not usable outside of PowerShell
[0.861s] DEBUG:colcon.colcon_core.shell:Skip shell extension 'dsv' for command environment
[0.885s] DEBUG:colcon.colcon_core.event_handler.log_command:Invoking command in '/home/tayya/Nav2_Dock_Robot/build/auto_dock': CMAKE_PREFIX_PATH=/opt/ros/humble /usr/bin/cmake --build /home/tayya/Nav2_Dock_Robot/build/auto_dock -- -j8 -l8
[1.006s] DEBUG:colcon.colcon_core.event_handler.log_command:Invoked command in '/home/tayya/Nav2_Dock_Robot/build/auto_dock' returned '0': CMAKE_PREFIX_PATH=/opt/ros/humble /usr/bin/cmake --build /home/tayya/Nav2_Dock_Robot/build/auto_dock -- -j8 -l8
[1.028s] DEBUG:colcon.colcon_core.event_handler.log_command:Invoking command in '/home/tayya/Nav2_Dock_Robot/build/auto_dock': CMAKE_PREFIX_PATH=/opt/ros/humble /usr/bin/cmake --install /home/tayya/Nav2_Dock_Robot/build/auto_dock
[1.049s] Level 1:colcon.colcon_core.environment:create_environment_scripts_only(auto_dock)
[1.050s] DEBUG:colcon.colcon_core.event_handler.log_command:Invoked command in '/home/tayya/Nav2_Dock_Robot/build/auto_dock' returned '0': CMAKE_PREFIX_PATH=/opt/ros/humble /usr/bin/cmake --install /home/tayya/Nav2_Dock_Robot/build/auto_dock
[1.057s] Level 1:colcon.colcon_core.environment:checking '/home/tayya/Nav2_Dock_Robot/install/auto_dock' for CMake module files
[1.059s] Level 1:colcon.colcon_core.environment:checking '/home/tayya/Nav2_Dock_Robot/install/auto_dock' for CMake config files
[1.060s] Level 1:colcon.colcon_core.shell:create_environment_hook('auto_dock', 'cmake_prefix_path')
[1.061s] INFO:colcon.colcon_core.shell:Creating environment hook '/home/tayya/Nav2_Dock_Robot/install/auto_dock/share/auto_dock/hook/cmake_prefix_path.ps1'
[1.063s] INFO:colcon.colcon_core.shell:Creating environment descriptor '/home/tayya/Nav2_Dock_Robot/install/auto_dock/share/auto_dock/hook/cmake_prefix_path.dsv'
[1.064s] INFO:colcon.colcon_core.shell:Creating environment hook '/home/tayya/Nav2_Dock_Robot/install/auto_dock/share/auto_dock/hook/cmake_prefix_path.sh'
[1.067s] Level 1:colcon.colcon_core.environment:checking '/home/tayya/Nav2_Dock_Robot/install/auto_dock/lib'
[1.068s] Level 1:colcon.colcon_core.environment:checking '/home/tayya/Nav2_Dock_Robot/install/auto_dock/bin'
[1.068s] Level 1:colcon.colcon_core.environment:checking '/home/tayya/Nav2_Dock_Robot/install/auto_dock/lib/pkgconfig/auto_dock.pc'
[1.069s] Level 1:colcon.colcon_core.environment:checking '/home/tayya/Nav2_Dock_Robot/install/auto_dock/lib/python3.10/site-packages'
[1.069s] Level 1:colcon.colcon_core.environment:checking '/home/tayya/Nav2_Dock_Robot/install/auto_dock/bin'
[1.070s] INFO:colcon.colcon_core.shell:Creating package script '/home/tayya/Nav2_Dock_Robot/install/auto_dock/share/auto_dock/package.ps1'
[1.073s] INFO:colcon.colcon_core.shell:Creating package descriptor '/home/tayya/Nav2_Dock_Robot/install/auto_dock/share/auto_dock/package.dsv'
[1.075s] INFO:colcon.colcon_core.shell:Creating package script '/home/tayya/Nav2_Dock_Robot/install/auto_dock/share/auto_dock/package.sh'
[1.077s] INFO:colcon.colcon_core.shell:Creating package script '/home/tayya/Nav2_Dock_Robot/install/auto_dock/share/auto_dock/package.bash'
[1.080s] INFO:colcon.colcon_core.shell:Creating package script '/home/tayya/Nav2_Dock_Robot/install/auto_dock/share/auto_dock/package.zsh'
[1.082s] Level 1:colcon.colcon_core.environment:create_file_with_runtime_dependencies(/home/tayya/Nav2_Dock_Robot/install/auto_dock/share/colcon-core/packages/auto_dock)
[1.083s] Level 1:colcon.colcon_core.environment:create_environment_scripts_only(auto_dock)
[1.084s] Level 1:colcon.colcon_core.environment:checking '/home/tayya/Nav2_Dock_Robot/install/auto_dock' for CMake module files
[1.085s] Level 1:colcon.colcon_core.environment:checking '/home/tayya/Nav2_Dock_Robot/install/auto_dock' for CMake config files
[1.085s] Level 1:colcon.colcon_core.shell:create_environment_hook('auto_dock', 'cmake_prefix_path')
[1.086s] INFO:colcon.colcon_core.shell:Creating environment hook '/home/tayya/Nav2_Dock_Robot/install/auto_dock/share/auto_dock/hook/cmake_prefix_path.ps1'
[1.087s] INFO:colcon.colcon_core.shell:Creating environment descriptor '/home/tayya/Nav2_Dock_Robot/install/auto_dock/share/auto_dock/hook/cmake_prefix_path.dsv'
[1.088s] INFO:colcon.colcon_core.shell:Creating environment hook '/home/tayya/Nav2_Dock_Robot/install/auto_dock/share/auto_dock/hook/cmake_prefix_path.sh'
[1.089s] Level 1:colcon.colcon_core.environment:checking '/home/tayya/Nav2_Dock_Robot/install/auto_dock/lib'
[1.089s] Level 1:colcon.colcon_core.environment:checking '/home/tayya/Nav2_Dock_Robot/install/auto_dock/bin'
[1.089s] Level 1:colcon.colcon_core.environment:checking '/home/tayya/Nav2_Dock_Robot/install/auto_dock/lib/pkgconfig/auto_dock.pc'
[1.090s] Level 1:colcon.colcon_core.environment:checking '/home/tayya/Nav2_Dock_Robot/install/auto_dock/lib/python3.10/site-packages'
[1.090s] Level 1:colcon.colcon_core.environment:checking '/home/tayya/Nav2_Dock_Robot/install/auto_dock/bin'
[1.091s] INFO:colcon.colcon_core.shell:Creating package script '/home/tayya/Nav2_Dock_Robot/install/auto_dock/share/auto_dock/package.ps1'
[1.092s] INFO:colcon.colcon_core.shell:Creating package descriptor '/home/tayya/Nav2_Dock_Robot/install/auto_dock/share/auto_dock/package.dsv'
[1.093s] INFO:colcon.colcon_core.shell:Creating package script '/home/tayya/Nav2_Dock_Robot/install/auto_dock/share/auto_dock/package.sh'
[1.094s] INFO:colcon.colcon_core.shell:Creating package script '/home/tayya/Nav2_Dock_Robot/install/auto_dock/share/auto_dock/package.bash'
[1.095s] INFO:colcon.colcon_core.shell:Creating package script '/home/tayya/Nav2_Dock_Robot/install/auto_dock/share/auto_dock/package.zsh'
[1.096s] Level 1:colcon.colcon_core.environment:create_file_with_runtime_dependencies(/home/tayya/Nav2_Dock_Robot/install/auto_dock/share/colcon-core/packages/auto_dock)
[1.097s] DEBUG:colcon.colcon_parallel_executor.executor.parallel:closing loop
[1.097s] DEBUG:colcon.colcon_parallel_executor.executor.parallel:loop closed
[1.098s] DEBUG:colcon.colcon_parallel_executor.executor.parallel:run_until_complete finished with '0'
[1.098s] DEBUG:colcon.colcon_core.event_reactor:joining thread
[1.109s] INFO:colcon.colcon_core.plugin_system:Skipping extension 'colcon_notification.desktop_notification.terminal_notifier': Not used on non-Darwin systems
[1.109s] INFO:colcon.colcon_core.plugin_system:Skipping extension 'colcon_notification.desktop_notification.win32': Not used on non-Windows systems
[1.109s] INFO:colcon.colcon_notification.desktop_notification:Sending desktop notification using 'notify2'
[1.133s] DEBUG:colcon.colcon_core.event_reactor:joined thread
[1.134s] INFO:colcon.colcon_core.shell:Creating prefix script '/home/tayya/Nav2_Dock_Robot/install/local_setup.ps1'
[1.136s] INFO:colcon.colcon_core.shell:Creating prefix util module '/home/tayya/Nav2_Dock_Robot/install/_local_setup_util_ps1.py'
[1.140s] INFO:colcon.colcon_core.shell:Creating prefix chain script '/home/tayya/Nav2_Dock_Robot/install/setup.ps1'
[1.143s] INFO:colcon.colcon_core.shell:Creating prefix script '/home/tayya/Nav2_Dock_Robot/install/local_setup.sh'
[1.144s] INFO:colcon.colcon_core.shell:Creating prefix util module '/home/tayya/Nav2_Dock_Robot/install/_local_setup_util_sh.py'
[1.146s] INFO:colcon.colcon_core.shell:Creating prefix chain script '/home/tayya/Nav2_Dock_Robot/install/setup.sh'
[1.148s] INFO:colcon.colcon_core.shell:Creating prefix script '/home/tayya/Nav2_Dock_Robot/install/local_setup.bash'
[1.149s] INFO:colcon.colcon_core.shell:Creating prefix chain script '/home/tayya/Nav2_Dock_Robot/install/setup.bash'
[1.151s] INFO:colcon.colcon_core.shell:Creating prefix script '/home/tayya/Nav2_Dock_Robot/install/local_setup.zsh'
[1.152s] INFO:colcon.colcon_core.shell:Creating prefix chain script '/home/tayya/Nav2_Dock_Robot/install/setup.zsh'
