[0.023s] Invoking command in '/home/tayya/Nav2_Dock_Robot/build/auto_dock': CMAKE_PREFIX_PATH=/opt/ros/humble /usr/bin/cmake /home/tayya/Nav2_Dock_Robot/src/auto_dock -DCMAKE_INSTALL_PREFIX=/home/tayya/Nav2_Dock_Robot/install/auto_dock
[0.185s] -- The C compiler identification is GNU 11.4.0
[0.328s] -- The CXX compiler identification is GNU 11.4.0
[0.350s] -- Detecting C compiler ABI info
[0.533s] -- Detecting C compiler ABI info - done
[0.556s] -- Check for working C compiler: /usr/bin/cc - skipped
[0.557s] -- Detecting C compile features
[0.558s] -- Detecting C compile features - done
[0.566s] -- Detecting CXX compiler ABI info
[0.734s] -- Detecting CXX compiler ABI info - done
[0.752s] -- Check for working CXX compiler: /usr/bin/c++ - skipped
[0.753s] -- Detecting CXX compile features
[0.754s] -- Detecting CXX compile features - done
[0.769s] -- Found ament_cmake: 1.3.11 (/opt/ros/humble/share/ament_cmake/cmake)
[1.109s] -- Found Python3: /usr/bin/python3 (found version "3.10.12") found components: Interpreter 
[1.298s] -- Found rclcpp: 16.0.11 (/opt/ros/humble/share/rclcpp/cmake)
[1.395s] -- Found rosidl_generator_c: 3.1.6 (/opt/ros/humble/share/rosidl_generator_c/cmake)
[1.405s] -- Found rosidl_adapter: 3.1.6 (/opt/ros/humble/share/rosidl_adapter/cmake)
[1.427s] -- Found rosidl_generator_cpp: 3.1.6 (/opt/ros/humble/share/rosidl_generator_cpp/cmake)
[1.459s] -- Using all available rosidl_typesupport_c: rosidl_typesupport_fastrtps_c;rosidl_typesupport_introspection_c
[1.497s] -- Using all available rosidl_typesupport_cpp: rosidl_typesupport_fastrtps_cpp;rosidl_typesupport_introspection_cpp
[1.604s] -- Found rmw_implementation_cmake: 6.1.2 (/opt/ros/humble/share/rmw_implementation_cmake/cmake)
[1.610s] -- Found rmw_fastrtps_cpp: 6.2.7 (/opt/ros/humble/share/rmw_fastrtps_cpp/cmake)
[1.796s] -- Found OpenSSL: /usr/lib/x86_64-linux-gnu/libcrypto.so (found version "3.0.2")  
[1.856s] -- Found FastRTPS: /opt/ros/humble/include  
[1.939s] -- Using RMW implementation 'rmw_fastrtps_cpp' as default
[1.958s] -- Looking for pthread.h
[2.100s] -- Looking for pthread.h - found
[2.101s] -- Performing Test CMAKE_HAVE_LIBC_PTHREAD
[2.246s] -- Performing Test CMAKE_HAVE_LIBC_PTHREAD - Success
[2.250s] -- Found Threads: TRUE  
[2.378s] -- Found sensor_msgs: 4.2.4 (/opt/ros/humble/share/sensor_msgs/cmake)
[2.473s] [31mCMake Error at CMakeLists.txt:12 (find_package):
[2.473s]   By not providing "Findnav2_msgs.cmake" in CMAKE_MODULE_PATH this project
[2.473s]   has asked CMake to find a package configuration file provided by
[2.473s]   "nav2_msgs", but CMake did not find one.
[2.474s] 
[2.474s]   Could not find a package configuration file provided by "nav2_msgs" with
[2.474s]   any of the following names:
[2.474s] 
[2.474s]     nav2_msgsConfig.cmake
[2.474s]     nav2_msgs-config.cmake
[2.474s] 
[2.474s]   Add the installation prefix of "nav2_msgs" to CMAKE_PREFIX_PATH or set
[2.474s]   "nav2_msgs_DIR" to a directory containing one of the above files.  If
[2.475s]   "nav2_msgs" provides a separate development package or SDK, be sure it has
[2.475s]   been installed.
[2.475s] 
[2.475s] [0m
[2.475s] -- Configuring incomplete, errors occurred!
[2.475s] See also "/home/tayya/Nav2_Dock_Robot/build/auto_dock/CMakeFiles/CMakeOutput.log".
[2.494s] Invoked command in '/home/tayya/Nav2_Dock_Robot/build/auto_dock' returned '1': CMAKE_PREFIX_PATH=/opt/ros/humble /usr/bin/cmake /home/tayya/Nav2_Dock_Robot/src/auto_dock -DCMAKE_INSTALL_PREFIX=/home/tayya/Nav2_Dock_Robot/install/auto_dock
